2016-11-22 02:20:06 [::1][-][1i1sd4p87q3bsk95bo7ma9noo4][error][yii\base\UnknownMethodException] exception 'yii\base\UnknownMethodException' with message 'Calling unknown method: common\models\User::setPassword()' in C:\Users\mlbel\Desktop\Project---Reservation-System\Application\advanced\vendor\yiisoft\yii2\base\Component.php:285
Stack trace:
#0 C:\Users\mlbel\Desktop\Project---Reservation-System\Application\advanced\frontend\models\SignupForm.php(53): yii\base\Component->__call('setPassword', Array)
#1 C:\Users\mlbel\Desktop\Project---Reservation-System\Application\advanced\frontend\models\SignupForm.php(53): common\models\User->setPassword('123456')
#2 C:\Users\mlbel\Desktop\Project---Reservation-System\Application\advanced\frontend\controllers\SiteController.php(153): frontend\models\SignupForm->signup()
#3 [internal function]: frontend\controllers\SiteController->actionSignup()
#4 C:\Users\mlbel\Desktop\Project---Reservation-System\Application\advanced\vendor\yiisoft\yii2\base\InlineAction.php(55): call_user_func_array(Array, Array)
#5 C:\Users\mlbel\Desktop\Project---Reservation-System\Application\advanced\vendor\yiisoft\yii2\base\Controller.php(154): yii\base\InlineAction->runWithParams(Array)
#6 C:\Users\mlbel\Desktop\Project---Reservation-System\Application\advanced\vendor\yiisoft\yii2\base\Module.php(454): yii\base\Controller->runAction('signup', Array)
#7 C:\Users\mlbel\Desktop\Project---Reservation-System\Application\advanced\vendor\yiisoft\yii2\web\Application.php(100): yii\base\Module->runAction('site/signup', Array)
#8 C:\Users\mlbel\Desktop\Project---Reservation-System\Application\advanced\vendor\yiisoft\yii2\base\Application.php(375): yii\web\Application->handleRequest(Object(yii\web\Request))
#9 C:\Users\mlbel\Desktop\Project---Reservation-System\Application\advanced\frontend\web\index.php(17): yii\base\Application->run()
#10 {main}
2016-11-22 02:20:05 [::1][-][1i1sd4p87q3bsk95bo7ma9noo4][info][application] $_GET = [
    'r' => 'site/signup'
]

$_POST = [
    '_frontendCSRF' => 'bldTanQwRTgcHAMjEGV9V1kRMiU5Ax9CGDZkPgB9c38CEwQjGwYubg=='
    'SignupForm' => [
        'username' => 'mai'
        'email' => 'ma@gmail.com'
        'password' => '123456'
    ]
    'signup-button' => ''
]

$_COOKIE = [
    'PHPFRONTSESSID' => '1i1sd4p87q3bsk95bo7ma9noo4'
    '_frontendCSRF' => 'b04827c4c41458b6151ed755a5d9e0005faad822e9b675fc62026b86566cb0dda:2:{i:0;s:13:\"_frontendCSRF\";i:1;s:32:\"rKPIdU8o7FaOM3Zzva7TtM6GlDWIo6kV\";}'
]

$_SESSION = [
    '__flash' => []
]

$_SERVER = [
    'MIBDIRS' => 'C:/xampp/php/extras/mibs'
    'MYSQL_HOME' => '\\xampp\\mysql\\bin'
    'OPENSSL_CONF' => 'C:/xampp/apache/bin/openssl.cnf'
    'PHP_PEAR_SYSCONF_DIR' => '\\xampp\\php'
    'PHPRC' => '\\xampp\\php'
    'TMP' => '\\xampp\\tmp'
    'HTTP_HOST' => 'localhost'
    'HTTP_CONNECTION' => 'keep-alive'
    'CONTENT_LENGTH' => '187'
    'HTTP_CACHE_CONTROL' => 'max-age=0'
    'HTTP_ORIGIN' => 'http://localhost'
    'HTTP_UPGRADE_INSECURE_REQUESTS' => '1'
    'HTTP_USER_AGENT' => 'Mozilla/5.0 (Windows NT 10.0; WOW64) AppleWebKit/537.36 (KHTML, like Gecko) Chrome/54.0.2840.99 Safari/537.36'
    'CONTENT_TYPE' => 'application/x-www-form-urlencoded'
    'HTTP_ACCEPT' => 'text/html,application/xhtml+xml,application/xml;q=0.9,image/webp,*/*;q=0.8'
    'HTTP_REFERER' => 'http://localhost/advanced/frontend/web/index.php?r=site%2Fsignup'
    'HTTP_ACCEPT_ENCODING' => 'gzip, deflate, br'
    'HTTP_ACCEPT_LANGUAGE' => 'en-US,en;q=0.8'
    'HTTP_COOKIE' => 'PHPFRONTSESSID=1i1sd4p87q3bsk95bo7ma9noo4; _frontendCSRF=b04827c4c41458b6151ed755a5d9e0005faad822e9b675fc62026b86566cb0dda%3A2%3A%7Bi%3A0%3Bs%3A13%3A%22_frontendCSRF%22%3Bi%3A1%3Bs%3A32%3A%22rKPIdU8o7FaOM3Zzva7TtM6GlDWIo6kV%22%3B%7D'
    'PATH' => 'C:\\ProgramData\\Oracle\\Java\\javapath;C:\\Program Files (x86)\\Intel\\iCLS Client\\;C:\\Program Files\\Intel\\iCLS Client\\;C:\\WINDOWS\\system32;C:\\WINDOWS;C:\\WINDOWS\\System32\\Wbem;C:\\WINDOWS\\System32\\WindowsPowerShell\\v1.0\\;C:\\Program Files (x86)\\Intel\\Intel(R) Management Engine Components\\DAL;C:\\Program Files\\Intel\\Intel(R) Management Engine Components\\DAL;C:\\Program Files (x86)\\Intel\\Intel(R) Management Engine Components\\IPT;C:\\Program Files\\Intel\\Intel(R) Management Engine Components\\IPT;C:\\Program Files (x86)\\Windows Kits\\8.1\\Windows Performance Toolkit\\;C:\\Program Files\\Microsoft SQL Server\\110\\Tools\\Binn\\;C:\\Program Files (x86)\\GtkSharp\\2.12\\bin;C:\\Program Files\\Intel\\WiFi\\bin\\;C:\\Program Files\\Common Files\\Intel\\WirelessCommon\\;C:\\Program Files\\Git\\cmd;C:\\Program Files\\TortoiseSVN\\bin;C:\\xampp\\htdocs\\advanced;C:\\Program Files\\CloudFoundry;C:\\Program Files\\TortoiseGit\\bin;C:\\Users\\mlbel\\AppData\\Local\\Microsoft\\WindowsApps;'
    'SystemRoot' => 'C:\\WINDOWS'
    'COMSPEC' => 'C:\\WINDOWS\\system32\\cmd.exe'
    'PATHEXT' => '.COM;.EXE;.BAT;.CMD;.VBS;.VBE;.JS;.JSE;.WSF;.WSH;.MSC'
    'WINDIR' => 'C:\\WINDOWS'
    'SERVER_SIGNATURE' => '<address>Apache/2.4.17 (Win32) OpenSSL/1.0.2d PHP/5.6.14 Server at localhost Port 80</address>
'
    'SERVER_SOFTWARE' => 'Apache/2.4.17 (Win32) OpenSSL/1.0.2d PHP/5.6.14'
    'SERVER_NAME' => 'localhost'
    'SERVER_ADDR' => '::1'
    'SERVER_PORT' => '80'
    'REMOTE_ADDR' => '::1'
    'DOCUMENT_ROOT' => 'C:/xampp/htdocs'
    'REQUEST_SCHEME' => 'http'
    'CONTEXT_PREFIX' => ''
    'CONTEXT_DOCUMENT_ROOT' => 'C:/xampp/htdocs'
    'SERVER_ADMIN' => 'postmaster@localhost'
    'SCRIPT_FILENAME' => 'C:/xampp/htdocs/advanced/frontend/web/index.php'
    'REMOTE_PORT' => '50565'
    'GATEWAY_INTERFACE' => 'CGI/1.1'
    'SERVER_PROTOCOL' => 'HTTP/1.1'
    'REQUEST_METHOD' => 'POST'
    'QUERY_STRING' => 'r=site%2Fsignup'
    'REQUEST_URI' => '/advanced/frontend/web/index.php?r=site%2Fsignup'
    'SCRIPT_NAME' => '/advanced/frontend/web/index.php'
    'PHP_SELF' => '/advanced/frontend/web/index.php'
    'REQUEST_TIME_FLOAT' => 1479777605.379
    'REQUEST_TIME' => 1479777605
]
2016-11-22 06:55:25 [::1][-][2nude8bc67n3rp6a2d64v8tsd7][error][yii\base\UnknownMethodException] exception 'yii\base\UnknownMethodException' with message 'Calling unknown method: common\models\User::setPassword()' in C:\Users\mlbel\Desktop\Project---Reservation-System\Application\advanced\vendor\yiisoft\yii2\base\Component.php:285
Stack trace:
#0 C:\Users\mlbel\Desktop\Project---Reservation-System\Application\advanced\frontend\models\SignupForm.php(53): yii\base\Component->__call('setPassword', Array)
#1 C:\Users\mlbel\Desktop\Project---Reservation-System\Application\advanced\frontend\models\SignupForm.php(53): common\models\User->setPassword('123123')
#2 C:\Users\mlbel\Desktop\Project---Reservation-System\Application\advanced\frontend\controllers\SiteController.php(153): frontend\models\SignupForm->signup()
#3 [internal function]: frontend\controllers\SiteController->actionSignup()
#4 C:\Users\mlbel\Desktop\Project---Reservation-System\Application\advanced\vendor\yiisoft\yii2\base\InlineAction.php(55): call_user_func_array(Array, Array)
#5 C:\Users\mlbel\Desktop\Project---Reservation-System\Application\advanced\vendor\yiisoft\yii2\base\Controller.php(154): yii\base\InlineAction->runWithParams(Array)
#6 C:\Users\mlbel\Desktop\Project---Reservation-System\Application\advanced\vendor\yiisoft\yii2\base\Module.php(454): yii\base\Controller->runAction('signup', Array)
#7 C:\Users\mlbel\Desktop\Project---Reservation-System\Application\advanced\vendor\yiisoft\yii2\web\Application.php(100): yii\base\Module->runAction('site/signup', Array)
#8 C:\Users\mlbel\Desktop\Project---Reservation-System\Application\advanced\vendor\yiisoft\yii2\base\Application.php(375): yii\web\Application->handleRequest(Object(yii\web\Request))
#9 C:\Users\mlbel\Desktop\Project---Reservation-System\Application\advanced\frontend\web\index.php(17): yii\base\Application->run()
#10 {main}
2016-11-22 06:55:25 [::1][-][2nude8bc67n3rp6a2d64v8tsd7][info][application] $_GET = [
    'r' => 'site/signup'
]

$_POST = [
    '_frontendCSRF' => 'Mk1pRElDMFACezMDJSFjKH0CUT0odWUIQCxdMCgIbzkED18iexZmOw=='
    'SignupForm' => [
        'username' => 'aacarpio'
        'email' => 'aacarpio@email.com'
        'password' => '123123'
    ]
    'signup-button' => ''
]

$_COOKIE = [
    'PHPFRONTSESSID' => '2nude8bc67n3rp6a2d64v8tsd7'
    '_frontendCSRF' => '9adb5ebe8eb64c5cf89541a9fb5d2caeda013feb42e17cc7d55ac09b667918cda:2:{i:0;s:13:\"_frontendCSRF\";i:1;s:32:\"06ZGlbSxOO8ya6UXra4taK_i6B6f2UVk\";}'
    'PHPBACKSESSID' => 'nln5vdfrot57007vo9s6ie3927'
    '_backendCSRF' => '5ba37d43ab4b429805dd45d4357cee8eac75bcaa4b3e521e1afe4f712781806ea:2:{i:0;s:12:\"_backendCSRF\";i:1;s:32:\"hFYdduOrrtZMd9ItpShCV8wt5aoTMODc\";}'
]

$_SESSION = [
    '__flash' => []
]

$_SERVER = [
    'MIBDIRS' => 'C:/xampp/php/extras/mibs'
    'MYSQL_HOME' => '\\xampp\\mysql\\bin'
    'OPENSSL_CONF' => 'C:/xampp/apache/bin/openssl.cnf'
    'PHP_PEAR_SYSCONF_DIR' => '\\xampp\\php'
    'PHPRC' => '\\xampp\\php'
    'TMP' => '\\xampp\\tmp'
    'HTTP_HOST' => 'localhost'
    'HTTP_CONNECTION' => 'keep-alive'
    'CONTENT_LENGTH' => '213'
    'HTTP_CACHE_CONTROL' => 'max-age=0'
    'HTTP_ORIGIN' => 'http://localhost'
    'HTTP_UPGRADE_INSECURE_REQUESTS' => '1'
    'HTTP_USER_AGENT' => 'Mozilla/5.0 (Windows NT 10.0; WOW64) AppleWebKit/537.36 (KHTML, like Gecko) Chrome/54.0.2840.99 Safari/537.36'
    'CONTENT_TYPE' => 'application/x-www-form-urlencoded'
    'HTTP_ACCEPT' => 'text/html,application/xhtml+xml,application/xml;q=0.9,image/webp,*/*;q=0.8'
    'HTTP_REFERER' => 'http://localhost/advanced/frontend/web/index.php?r=site%2Fsignup'
    'HTTP_ACCEPT_ENCODING' => 'gzip, deflate, br'
    'HTTP_ACCEPT_LANGUAGE' => 'en-US,en;q=0.8'
    'HTTP_COOKIE' => 'PHPFRONTSESSID=2nude8bc67n3rp6a2d64v8tsd7; _frontendCSRF=9adb5ebe8eb64c5cf89541a9fb5d2caeda013feb42e17cc7d55ac09b667918cda%3A2%3A%7Bi%3A0%3Bs%3A13%3A%22_frontendCSRF%22%3Bi%3A1%3Bs%3A32%3A%2206ZGlbSxOO8ya6UXra4taK_i6B6f2UVk%22%3B%7D; PHPBACKSESSID=nln5vdfrot57007vo9s6ie3927; _backendCSRF=5ba37d43ab4b429805dd45d4357cee8eac75bcaa4b3e521e1afe4f712781806ea%3A2%3A%7Bi%3A0%3Bs%3A12%3A%22_backendCSRF%22%3Bi%3A1%3Bs%3A32%3A%22hFYdduOrrtZMd9ItpShCV8wt5aoTMODc%22%3B%7D'
    'PATH' => 'C:\\ProgramData\\Oracle\\Java\\javapath;C:\\Program Files (x86)\\Intel\\iCLS Client\\;C:\\Program Files\\Intel\\iCLS Client\\;C:\\WINDOWS\\system32;C:\\WINDOWS;C:\\WINDOWS\\System32\\Wbem;C:\\WINDOWS\\System32\\WindowsPowerShell\\v1.0\\;C:\\Program Files (x86)\\Intel\\Intel(R) Management Engine Components\\DAL;C:\\Program Files\\Intel\\Intel(R) Management Engine Components\\DAL;C:\\Program Files (x86)\\Intel\\Intel(R) Management Engine Components\\IPT;C:\\Program Files\\Intel\\Intel(R) Management Engine Components\\IPT;C:\\Program Files (x86)\\Windows Kits\\8.1\\Windows Performance Toolkit\\;C:\\Program Files\\Microsoft SQL Server\\110\\Tools\\Binn\\;C:\\Program Files (x86)\\GtkSharp\\2.12\\bin;C:\\Program Files\\Intel\\WiFi\\bin\\;C:\\Program Files\\Common Files\\Intel\\WirelessCommon\\;C:\\Program Files\\Git\\cmd;C:\\Program Files\\TortoiseSVN\\bin;C:\\xampp\\htdocs\\advanced;C:\\Program Files\\CloudFoundry;C:\\Program Files\\TortoiseGit\\bin;C:\\Users\\mlbel\\AppData\\Local\\Microsoft\\WindowsApps;'
    'SystemRoot' => 'C:\\WINDOWS'
    'COMSPEC' => 'C:\\WINDOWS\\system32\\cmd.exe'
    'PATHEXT' => '.COM;.EXE;.BAT;.CMD;.VBS;.VBE;.JS;.JSE;.WSF;.WSH;.MSC'
    'WINDIR' => 'C:\\WINDOWS'
    'SERVER_SIGNATURE' => '<address>Apache/2.4.17 (Win32) OpenSSL/1.0.2d PHP/5.6.14 Server at localhost Port 80</address>
'
    'SERVER_SOFTWARE' => 'Apache/2.4.17 (Win32) OpenSSL/1.0.2d PHP/5.6.14'
    'SERVER_NAME' => 'localhost'
    'SERVER_ADDR' => '::1'
    'SERVER_PORT' => '80'
    'REMOTE_ADDR' => '::1'
    'DOCUMENT_ROOT' => 'C:/xampp/htdocs'
    'REQUEST_SCHEME' => 'http'
    'CONTEXT_PREFIX' => ''
    'CONTEXT_DOCUMENT_ROOT' => 'C:/xampp/htdocs'
    'SERVER_ADMIN' => 'postmaster@localhost'
    'SCRIPT_FILENAME' => 'C:/xampp/htdocs/advanced/frontend/web/index.php'
    'REMOTE_PORT' => '50628'
    'GATEWAY_INTERFACE' => 'CGI/1.1'
    'SERVER_PROTOCOL' => 'HTTP/1.1'
    'REQUEST_METHOD' => 'POST'
    'QUERY_STRING' => 'r=site%2Fsignup'
    'REQUEST_URI' => '/advanced/frontend/web/index.php?r=site%2Fsignup'
    'SCRIPT_NAME' => '/advanced/frontend/web/index.php'
    'PHP_SELF' => '/advanced/frontend/web/index.php'
    'REQUEST_TIME_FLOAT' => 1479794125.116
    'REQUEST_TIME' => 1479794125
]
2016-11-22 06:56:09 [::1][-][2nude8bc67n3rp6a2d64v8tsd7][error][yii\base\ErrorException:1] exception 'yii\base\ErrorException' with message 'Call to undefined method common\models\User::findByUsername()' in C:\Users\mlbel\Desktop\Project---Reservation-System\Application\advanced\common\models\LoginForm.php:73
Stack trace:
#0 [internal function]: yii\base\ErrorHandler->handleFatalError()
#1 {main}
2016-11-22 06:56:09 [::1][-][2nude8bc67n3rp6a2d64v8tsd7][info][application] $_GET = [
    'r' => 'site/login'
]

$_POST = [
    '_frontendCSRF' => 'c3JYMDNPZzdDRAJ3Xy00Tzw9YElSeTJvARNsRFIEOF5FMG5WARoxXA=='
    'LoginForm' => [
        'username' => 'aacarpio'
        'password' => '123123'
        'rememberMe' => '1'
    ]
    'login-button' => ''
]

$_COOKIE = [
    'PHPFRONTSESSID' => '2nude8bc67n3rp6a2d64v8tsd7'
    '_frontendCSRF' => '9adb5ebe8eb64c5cf89541a9fb5d2caeda013feb42e17cc7d55ac09b667918cda:2:{i:0;s:13:\"_frontendCSRF\";i:1;s:32:\"06ZGlbSxOO8ya6UXra4taK_i6B6f2UVk\";}'
    'PHPBACKSESSID' => 'nln5vdfrot57007vo9s6ie3927'
    '_backendCSRF' => '5ba37d43ab4b429805dd45d4357cee8eac75bcaa4b3e521e1afe4f712781806ea:2:{i:0;s:12:\"_backendCSRF\";i:1;s:32:\"hFYdduOrrtZMd9ItpShCV8wt5aoTMODc\";}'
]

$_SESSION = [
    '__flash' => []
]

$_SERVER = [
    'MIBDIRS' => 'C:/xampp/php/extras/mibs'
    'MYSQL_HOME' => '\\xampp\\mysql\\bin'
    'OPENSSL_CONF' => 'C:/xampp/apache/bin/openssl.cnf'
    'PHP_PEAR_SYSCONF_DIR' => '\\xampp\\php'
    'PHPRC' => '\\xampp\\php'
    'TMP' => '\\xampp\\tmp'
    'HTTP_HOST' => 'localhost'
    'HTTP_CONNECTION' => 'keep-alive'
    'CONTENT_LENGTH' => '208'
    'HTTP_CACHE_CONTROL' => 'max-age=0'
    'HTTP_ORIGIN' => 'http://localhost'
    'HTTP_UPGRADE_INSECURE_REQUESTS' => '1'
    'HTTP_USER_AGENT' => 'Mozilla/5.0 (Windows NT 10.0; WOW64) AppleWebKit/537.36 (KHTML, like Gecko) Chrome/54.0.2840.99 Safari/537.36'
    'CONTENT_TYPE' => 'application/x-www-form-urlencoded'
    'HTTP_ACCEPT' => 'text/html,application/xhtml+xml,application/xml;q=0.9,image/webp,*/*;q=0.8'
    'HTTP_REFERER' => 'http://localhost/advanced/frontend/web/index.php?r=site%2Flogin'
    'HTTP_ACCEPT_ENCODING' => 'gzip, deflate, br'
    'HTTP_ACCEPT_LANGUAGE' => 'en-US,en;q=0.8'
    'HTTP_COOKIE' => 'PHPFRONTSESSID=2nude8bc67n3rp6a2d64v8tsd7; _frontendCSRF=9adb5ebe8eb64c5cf89541a9fb5d2caeda013feb42e17cc7d55ac09b667918cda%3A2%3A%7Bi%3A0%3Bs%3A13%3A%22_frontendCSRF%22%3Bi%3A1%3Bs%3A32%3A%2206ZGlbSxOO8ya6UXra4taK_i6B6f2UVk%22%3B%7D; PHPBACKSESSID=nln5vdfrot57007vo9s6ie3927; _backendCSRF=5ba37d43ab4b429805dd45d4357cee8eac75bcaa4b3e521e1afe4f712781806ea%3A2%3A%7Bi%3A0%3Bs%3A12%3A%22_backendCSRF%22%3Bi%3A1%3Bs%3A32%3A%22hFYdduOrrtZMd9ItpShCV8wt5aoTMODc%22%3B%7D'
    'PATH' => 'C:\\ProgramData\\Oracle\\Java\\javapath;C:\\Program Files (x86)\\Intel\\iCLS Client\\;C:\\Program Files\\Intel\\iCLS Client\\;C:\\WINDOWS\\system32;C:\\WINDOWS;C:\\WINDOWS\\System32\\Wbem;C:\\WINDOWS\\System32\\WindowsPowerShell\\v1.0\\;C:\\Program Files (x86)\\Intel\\Intel(R) Management Engine Components\\DAL;C:\\Program Files\\Intel\\Intel(R) Management Engine Components\\DAL;C:\\Program Files (x86)\\Intel\\Intel(R) Management Engine Components\\IPT;C:\\Program Files\\Intel\\Intel(R) Management Engine Components\\IPT;C:\\Program Files (x86)\\Windows Kits\\8.1\\Windows Performance Toolkit\\;C:\\Program Files\\Microsoft SQL Server\\110\\Tools\\Binn\\;C:\\Program Files (x86)\\GtkSharp\\2.12\\bin;C:\\Program Files\\Intel\\WiFi\\bin\\;C:\\Program Files\\Common Files\\Intel\\WirelessCommon\\;C:\\Program Files\\Git\\cmd;C:\\Program Files\\TortoiseSVN\\bin;C:\\xampp\\htdocs\\advanced;C:\\Program Files\\CloudFoundry;C:\\Program Files\\TortoiseGit\\bin;C:\\Users\\mlbel\\AppData\\Local\\Microsoft\\WindowsApps;'
    'SystemRoot' => 'C:\\WINDOWS'
    'COMSPEC' => 'C:\\WINDOWS\\system32\\cmd.exe'
    'PATHEXT' => '.COM;.EXE;.BAT;.CMD;.VBS;.VBE;.JS;.JSE;.WSF;.WSH;.MSC'
    'WINDIR' => 'C:\\WINDOWS'
    'SERVER_SIGNATURE' => '<address>Apache/2.4.17 (Win32) OpenSSL/1.0.2d PHP/5.6.14 Server at localhost Port 80</address>
'
    'SERVER_SOFTWARE' => 'Apache/2.4.17 (Win32) OpenSSL/1.0.2d PHP/5.6.14'
    'SERVER_NAME' => 'localhost'
    'SERVER_ADDR' => '::1'
    'SERVER_PORT' => '80'
    'REMOTE_ADDR' => '::1'
    'DOCUMENT_ROOT' => 'C:/xampp/htdocs'
    'REQUEST_SCHEME' => 'http'
    'CONTEXT_PREFIX' => ''
    'CONTEXT_DOCUMENT_ROOT' => 'C:/xampp/htdocs'
    'SERVER_ADMIN' => 'postmaster@localhost'
    'SCRIPT_FILENAME' => 'C:/xampp/htdocs/advanced/frontend/web/index.php'
    'REMOTE_PORT' => '50637'
    'GATEWAY_INTERFACE' => 'CGI/1.1'
    'SERVER_PROTOCOL' => 'HTTP/1.1'
    'REQUEST_METHOD' => 'POST'
    'QUERY_STRING' => 'r=site%2Flogin'
    'REQUEST_URI' => '/advanced/frontend/web/index.php?r=site%2Flogin'
    'SCRIPT_NAME' => '/advanced/frontend/web/index.php'
    'PHP_SELF' => '/advanced/frontend/web/index.php'
    'REQUEST_TIME_FLOAT' => 1479794169.512
    'REQUEST_TIME' => 1479794169
]
2016-11-22 06:56:30 [::1][-][2nude8bc67n3rp6a2d64v8tsd7][error][yii\base\ErrorException:1] exception 'yii\base\ErrorException' with message 'Call to undefined method common\models\User::findByUsername()' in C:\Users\mlbel\Desktop\Project---Reservation-System\Application\advanced\common\models\LoginForm.php:73
Stack trace:
#0 [internal function]: yii\base\ErrorHandler->handleFatalError()
#1 {main}
2016-11-22 06:56:30 [::1][-][2nude8bc67n3rp6a2d64v8tsd7][info][application] $_GET = [
    'r' => 'site/login'
]

$_POST = [
    '_frontendCSRF' => 'c3JYMDNPZzdDRAJ3Xy00Tzw9YElSeTJvARNsRFIEOF5FMG5WARoxXA=='
    'LoginForm' => [
        'username' => 'aacarpio'
        'password' => '123123'
        'rememberMe' => '1'
    ]
    'login-button' => ''
]

$_COOKIE = [
    'PHPFRONTSESSID' => '2nude8bc67n3rp6a2d64v8tsd7'
    '_frontendCSRF' => '9adb5ebe8eb64c5cf89541a9fb5d2caeda013feb42e17cc7d55ac09b667918cda:2:{i:0;s:13:\"_frontendCSRF\";i:1;s:32:\"06ZGlbSxOO8ya6UXra4taK_i6B6f2UVk\";}'
    'PHPBACKSESSID' => 'nln5vdfrot57007vo9s6ie3927'
    '_backendCSRF' => '5ba37d43ab4b429805dd45d4357cee8eac75bcaa4b3e521e1afe4f712781806ea:2:{i:0;s:12:\"_backendCSRF\";i:1;s:32:\"hFYdduOrrtZMd9ItpShCV8wt5aoTMODc\";}'
]

$_SESSION = [
    '__flash' => []
]

$_SERVER = [
    'MIBDIRS' => 'C:/xampp/php/extras/mibs'
    'MYSQL_HOME' => '\\xampp\\mysql\\bin'
    'OPENSSL_CONF' => 'C:/xampp/apache/bin/openssl.cnf'
    'PHP_PEAR_SYSCONF_DIR' => '\\xampp\\php'
    'PHPRC' => '\\xampp\\php'
    'TMP' => '\\xampp\\tmp'
    'HTTP_HOST' => 'localhost'
    'HTTP_CONNECTION' => 'keep-alive'
    'CONTENT_LENGTH' => '208'
    'HTTP_CACHE_CONTROL' => 'max-age=0'
    'HTTP_ORIGIN' => 'http://localhost'
    'HTTP_UPGRADE_INSECURE_REQUESTS' => '1'
    'HTTP_USER_AGENT' => 'Mozilla/5.0 (Windows NT 10.0; WOW64) AppleWebKit/537.36 (KHTML, like Gecko) Chrome/54.0.2840.99 Safari/537.36'
    'CONTENT_TYPE' => 'application/x-www-form-urlencoded'
    'HTTP_ACCEPT' => 'text/html,application/xhtml+xml,application/xml;q=0.9,image/webp,*/*;q=0.8'
    'HTTP_REFERER' => 'http://localhost/advanced/frontend/web/index.php?r=site%2Flogin'
    'HTTP_ACCEPT_ENCODING' => 'gzip, deflate, br'
    'HTTP_ACCEPT_LANGUAGE' => 'en-US,en;q=0.8'
    'HTTP_COOKIE' => 'PHPFRONTSESSID=2nude8bc67n3rp6a2d64v8tsd7; _frontendCSRF=9adb5ebe8eb64c5cf89541a9fb5d2caeda013feb42e17cc7d55ac09b667918cda%3A2%3A%7Bi%3A0%3Bs%3A13%3A%22_frontendCSRF%22%3Bi%3A1%3Bs%3A32%3A%2206ZGlbSxOO8ya6UXra4taK_i6B6f2UVk%22%3B%7D; PHPBACKSESSID=nln5vdfrot57007vo9s6ie3927; _backendCSRF=5ba37d43ab4b429805dd45d4357cee8eac75bcaa4b3e521e1afe4f712781806ea%3A2%3A%7Bi%3A0%3Bs%3A12%3A%22_backendCSRF%22%3Bi%3A1%3Bs%3A32%3A%22hFYdduOrrtZMd9ItpShCV8wt5aoTMODc%22%3B%7D'
    'PATH' => 'C:\\ProgramData\\Oracle\\Java\\javapath;C:\\Program Files (x86)\\Intel\\iCLS Client\\;C:\\Program Files\\Intel\\iCLS Client\\;C:\\WINDOWS\\system32;C:\\WINDOWS;C:\\WINDOWS\\System32\\Wbem;C:\\WINDOWS\\System32\\WindowsPowerShell\\v1.0\\;C:\\Program Files (x86)\\Intel\\Intel(R) Management Engine Components\\DAL;C:\\Program Files\\Intel\\Intel(R) Management Engine Components\\DAL;C:\\Program Files (x86)\\Intel\\Intel(R) Management Engine Components\\IPT;C:\\Program Files\\Intel\\Intel(R) Management Engine Components\\IPT;C:\\Program Files (x86)\\Windows Kits\\8.1\\Windows Performance Toolkit\\;C:\\Program Files\\Microsoft SQL Server\\110\\Tools\\Binn\\;C:\\Program Files (x86)\\GtkSharp\\2.12\\bin;C:\\Program Files\\Intel\\WiFi\\bin\\;C:\\Program Files\\Common Files\\Intel\\WirelessCommon\\;C:\\Program Files\\Git\\cmd;C:\\Program Files\\TortoiseSVN\\bin;C:\\xampp\\htdocs\\advanced;C:\\Program Files\\CloudFoundry;C:\\Program Files\\TortoiseGit\\bin;C:\\Users\\mlbel\\AppData\\Local\\Microsoft\\WindowsApps;'
    'SystemRoot' => 'C:\\WINDOWS'
    'COMSPEC' => 'C:\\WINDOWS\\system32\\cmd.exe'
    'PATHEXT' => '.COM;.EXE;.BAT;.CMD;.VBS;.VBE;.JS;.JSE;.WSF;.WSH;.MSC'
    'WINDIR' => 'C:\\WINDOWS'
    'SERVER_SIGNATURE' => '<address>Apache/2.4.17 (Win32) OpenSSL/1.0.2d PHP/5.6.14 Server at localhost Port 80</address>
'
    'SERVER_SOFTWARE' => 'Apache/2.4.17 (Win32) OpenSSL/1.0.2d PHP/5.6.14'
    'SERVER_NAME' => 'localhost'
    'SERVER_ADDR' => '::1'
    'SERVER_PORT' => '80'
    'REMOTE_ADDR' => '::1'
    'DOCUMENT_ROOT' => 'C:/xampp/htdocs'
    'REQUEST_SCHEME' => 'http'
    'CONTEXT_PREFIX' => ''
    'CONTEXT_DOCUMENT_ROOT' => 'C:/xampp/htdocs'
    'SERVER_ADMIN' => 'postmaster@localhost'
    'SCRIPT_FILENAME' => 'C:/xampp/htdocs/advanced/frontend/web/index.php'
    'REMOTE_PORT' => '50638'
    'GATEWAY_INTERFACE' => 'CGI/1.1'
    'SERVER_PROTOCOL' => 'HTTP/1.1'
    'REQUEST_METHOD' => 'POST'
    'QUERY_STRING' => 'r=site%2Flogin'
    'REQUEST_URI' => '/advanced/frontend/web/index.php?r=site%2Flogin'
    'SCRIPT_NAME' => '/advanced/frontend/web/index.php'
    'PHP_SELF' => '/advanced/frontend/web/index.php'
    'REQUEST_TIME_FLOAT' => 1479794190.151
    'REQUEST_TIME' => 1479794190
]
2016-11-22 07:32:21 [::1][-][mo4mk9lh9r0ethssjt3rl0shg7][error][yii\base\UnknownMethodException] exception 'yii\base\UnknownMethodException' with message 'Calling unknown method: common\models\User::setPassword()' in C:\Users\mlbel\Desktop\Project---Reservation-System\Application\advanced\vendor\yiisoft\yii2\base\Component.php:285
Stack trace:
#0 C:\Users\mlbel\Desktop\Project---Reservation-System\Application\advanced\frontend\models\SignupForm.php(53): yii\base\Component->__call('setPassword', Array)
#1 C:\Users\mlbel\Desktop\Project---Reservation-System\Application\advanced\frontend\models\SignupForm.php(53): common\models\User->setPassword('123123')
#2 C:\Users\mlbel\Desktop\Project---Reservation-System\Application\advanced\frontend\controllers\SiteController.php(153): frontend\models\SignupForm->signup()
#3 [internal function]: frontend\controllers\SiteController->actionSignup()
#4 C:\Users\mlbel\Desktop\Project---Reservation-System\Application\advanced\vendor\yiisoft\yii2\base\InlineAction.php(55): call_user_func_array(Array, Array)
#5 C:\Users\mlbel\Desktop\Project---Reservation-System\Application\advanced\vendor\yiisoft\yii2\base\Controller.php(154): yii\base\InlineAction->runWithParams(Array)
#6 C:\Users\mlbel\Desktop\Project---Reservation-System\Application\advanced\vendor\yiisoft\yii2\base\Module.php(454): yii\base\Controller->runAction('signup', Array)
#7 C:\Users\mlbel\Desktop\Project---Reservation-System\Application\advanced\vendor\yiisoft\yii2\web\Application.php(100): yii\base\Module->runAction('site/signup', Array)
#8 C:\Users\mlbel\Desktop\Project---Reservation-System\Application\advanced\vendor\yiisoft\yii2\base\Application.php(375): yii\web\Application->handleRequest(Object(yii\web\Request))
#9 C:\Users\mlbel\Desktop\Project---Reservation-System\Application\advanced\frontend\web\index.php(17): yii\base\Application->run()
#10 {main}
2016-11-22 07:32:20 [::1][-][mo4mk9lh9r0ethssjt3rl0shg7][info][application] $_GET = [
    'r' => 'site/signup'
]

$_POST = [
    '_frontendCSRF' => 'a2kzLlJMdkJZH3wfDS08ISoca2RhBhMpByVfcREhNwdZUQRDMTsUDw=='
    'SignupForm' => [
        'username' => 'aacarpio'
        'email' => 'sample@email.com'
        'password' => '123123'
    ]
    'signup-button' => ''
]

$_COOKIE = [
    'PHPFRONTSESSID' => 'mo4mk9lh9r0ethssjt3rl0shg7'
    '_frontendCSRF' => '92d2af042567942328fa39b61ad9b42f75e526725716abd53fca291bf597cf42a:2:{i:0;s:13:\"_frontendCSRF\";i:1;s:32:\"2vO1_aJcAuXJ3JeklLl_CmAE287mcwbM\";}'
    '_backendCSRF' => '0320630ce311522cccc35b1eaef2973caabd36d0ddabe588c78e7220e06f2ef4a:2:{i:0;s:12:\"_backendCSRF\";i:1;s:32:\"BQdaj1GJkI2Mn0DmEG1YQAjSE9wvlGld\";}'
    'PHPBACKSESSID' => 'a33qu1uer0op5b02gmt5u6lom0'
]

$_SESSION = [
    '__flash' => []
]

$_SERVER = [
    'MIBDIRS' => 'C:/xampp/php/extras/mibs'
    'MYSQL_HOME' => '\\xampp\\mysql\\bin'
    'OPENSSL_CONF' => 'C:/xampp/apache/bin/openssl.cnf'
    'PHP_PEAR_SYSCONF_DIR' => '\\xampp\\php'
    'PHPRC' => '\\xampp\\php'
    'TMP' => '\\xampp\\tmp'
    'HTTP_HOST' => 'localhost'
    'HTTP_CONNECTION' => 'keep-alive'
    'CONTENT_LENGTH' => '196'
    'HTTP_CACHE_CONTROL' => 'max-age=0'
    'HTTP_ORIGIN' => 'http://localhost'
    'HTTP_UPGRADE_INSECURE_REQUESTS' => '1'
    'HTTP_USER_AGENT' => 'Mozilla/5.0 (Windows NT 10.0; WOW64) AppleWebKit/537.36 (KHTML, like Gecko) Chrome/54.0.2840.99 Safari/537.36'
    'CONTENT_TYPE' => 'application/x-www-form-urlencoded'
    'HTTP_ACCEPT' => 'text/html,application/xhtml+xml,application/xml;q=0.9,image/webp,*/*;q=0.8'
    'HTTP_REFERER' => 'http://localhost/advanced/frontend/web/index.php?r=site%2Fsignup'
    'HTTP_ACCEPT_ENCODING' => 'gzip, deflate, br'
    'HTTP_ACCEPT_LANGUAGE' => 'en-US,en;q=0.8'
    'HTTP_COOKIE' => 'PHPFRONTSESSID=mo4mk9lh9r0ethssjt3rl0shg7; _frontendCSRF=92d2af042567942328fa39b61ad9b42f75e526725716abd53fca291bf597cf42a%3A2%3A%7Bi%3A0%3Bs%3A13%3A%22_frontendCSRF%22%3Bi%3A1%3Bs%3A32%3A%222vO1_aJcAuXJ3JeklLl_CmAE287mcwbM%22%3B%7D; _backendCSRF=0320630ce311522cccc35b1eaef2973caabd36d0ddabe588c78e7220e06f2ef4a%3A2%3A%7Bi%3A0%3Bs%3A12%3A%22_backendCSRF%22%3Bi%3A1%3Bs%3A32%3A%22BQdaj1GJkI2Mn0DmEG1YQAjSE9wvlGld%22%3B%7D; PHPBACKSESSID=a33qu1uer0op5b02gmt5u6lom0'
    'PATH' => 'C:\\ProgramData\\Oracle\\Java\\javapath;C:\\Program Files (x86)\\Intel\\iCLS Client\\;C:\\Program Files\\Intel\\iCLS Client\\;C:\\WINDOWS\\system32;C:\\WINDOWS;C:\\WINDOWS\\System32\\Wbem;C:\\WINDOWS\\System32\\WindowsPowerShell\\v1.0\\;C:\\Program Files (x86)\\Intel\\Intel(R) Management Engine Components\\DAL;C:\\Program Files\\Intel\\Intel(R) Management Engine Components\\DAL;C:\\Program Files (x86)\\Intel\\Intel(R) Management Engine Components\\IPT;C:\\Program Files\\Intel\\Intel(R) Management Engine Components\\IPT;C:\\Program Files (x86)\\Windows Kits\\8.1\\Windows Performance Toolkit\\;C:\\Program Files\\Microsoft SQL Server\\110\\Tools\\Binn\\;C:\\Program Files (x86)\\GtkSharp\\2.12\\bin;C:\\Program Files\\Intel\\WiFi\\bin\\;C:\\Program Files\\Common Files\\Intel\\WirelessCommon\\;C:\\Program Files\\Git\\cmd;C:\\Program Files\\TortoiseSVN\\bin;C:\\xampp\\htdocs\\advanced;C:\\Program Files\\CloudFoundry;C:\\Program Files\\TortoiseGit\\bin;C:\\Users\\mlbel\\AppData\\Local\\Microsoft\\WindowsApps;'
    'SystemRoot' => 'C:\\WINDOWS'
    'COMSPEC' => 'C:\\WINDOWS\\system32\\cmd.exe'
    'PATHEXT' => '.COM;.EXE;.BAT;.CMD;.VBS;.VBE;.JS;.JSE;.WSF;.WSH;.MSC'
    'WINDIR' => 'C:\\WINDOWS'
    'SERVER_SIGNATURE' => '<address>Apache/2.4.17 (Win32) OpenSSL/1.0.2d PHP/5.6.14 Server at localhost Port 80</address>
'
    'SERVER_SOFTWARE' => 'Apache/2.4.17 (Win32) OpenSSL/1.0.2d PHP/5.6.14'
    'SERVER_NAME' => 'localhost'
    'SERVER_ADDR' => '::1'
    'SERVER_PORT' => '80'
    'REMOTE_ADDR' => '::1'
    'DOCUMENT_ROOT' => 'C:/xampp/htdocs'
    'REQUEST_SCHEME' => 'http'
    'CONTEXT_PREFIX' => ''
    'CONTEXT_DOCUMENT_ROOT' => 'C:/xampp/htdocs'
    'SERVER_ADMIN' => 'postmaster@localhost'
    'SCRIPT_FILENAME' => 'C:/xampp/htdocs/advanced/frontend/web/index.php'
    'REMOTE_PORT' => '50753'
    'GATEWAY_INTERFACE' => 'CGI/1.1'
    'SERVER_PROTOCOL' => 'HTTP/1.1'
    'REQUEST_METHOD' => 'POST'
    'QUERY_STRING' => 'r=site%2Fsignup'
    'REQUEST_URI' => '/advanced/frontend/web/index.php?r=site%2Fsignup'
    'SCRIPT_NAME' => '/advanced/frontend/web/index.php'
    'PHP_SELF' => '/advanced/frontend/web/index.php'
    'REQUEST_TIME_FLOAT' => 1479796340.844
    'REQUEST_TIME' => 1479796340
]
2016-11-22 07:43:40 [::1][-][mo4mk9lh9r0ethssjt3rl0shg7][error][yii\base\UnknownPropertyException] exception 'yii\base\UnknownPropertyException' with message 'Getting unknown property: common\models\User::firstname' in C:\Users\mlbel\Desktop\Project---Reservation-System\Application\advanced\vendor\yiisoft\yii2\base\Component.php:143
Stack trace:
#0 C:\Users\mlbel\Desktop\Project---Reservation-System\Application\advanced\vendor\yiisoft\yii2\db\BaseActiveRecord.php(286): yii\base\Component->__get('firstname')
#1 C:\Users\mlbel\Desktop\Project---Reservation-System\Application\advanced\vendor\yiisoft\yii2\validators\Validator.php(279): yii\db\BaseActiveRecord->__get('firstname')
#2 C:\Users\mlbel\Desktop\Project---Reservation-System\Application\advanced\vendor\yiisoft\yii2\validators\Validator.php(265): yii\validators\Validator->validateAttribute(Object(common\models\User), 'firstname')
#3 C:\Users\mlbel\Desktop\Project---Reservation-System\Application\advanced\vendor\yiisoft\yii2\base\Model.php(356): yii\validators\Validator->validateAttributes(Object(common\models\User), Array)
#4 C:\Users\mlbel\Desktop\Project---Reservation-System\Application\advanced\vendor\yiisoft\yii2\db\ActiveRecord.php(421): yii\base\Model->validate(NULL)
#5 C:\Users\mlbel\Desktop\Project---Reservation-System\Application\advanced\vendor\yiisoft\yii2\db\BaseActiveRecord.php(632): yii\db\ActiveRecord->insert(true, NULL)
#6 C:\Users\mlbel\Desktop\Project---Reservation-System\Application\advanced\frontend\models\SignupForm.php(56): yii\db\BaseActiveRecord->save()
#7 C:\Users\mlbel\Desktop\Project---Reservation-System\Application\advanced\frontend\controllers\SiteController.php(153): frontend\models\SignupForm->signup()
#8 [internal function]: frontend\controllers\SiteController->actionSignup()
#9 C:\Users\mlbel\Desktop\Project---Reservation-System\Application\advanced\vendor\yiisoft\yii2\base\InlineAction.php(55): call_user_func_array(Array, Array)
#10 C:\Users\mlbel\Desktop\Project---Reservation-System\Application\advanced\vendor\yiisoft\yii2\base\Controller.php(154): yii\base\InlineAction->runWithParams(Array)
#11 C:\Users\mlbel\Desktop\Project---Reservation-System\Application\advanced\vendor\yiisoft\yii2\base\Module.php(454): yii\base\Controller->runAction('signup', Array)
#12 C:\Users\mlbel\Desktop\Project---Reservation-System\Application\advanced\vendor\yiisoft\yii2\web\Application.php(100): yii\base\Module->runAction('site/signup', Array)
#13 C:\Users\mlbel\Desktop\Project---Reservation-System\Application\advanced\vendor\yiisoft\yii2\base\Application.php(375): yii\web\Application->handleRequest(Object(yii\web\Request))
#14 C:\Users\mlbel\Desktop\Project---Reservation-System\Application\advanced\frontend\web\index.php(17): yii\base\Application->run()
#15 {main}
2016-11-22 07:43:40 [::1][-][mo4mk9lh9r0ethssjt3rl0shg7][info][application] $_GET = [
    'r' => 'site/signup'
]

$_POST = [
    '_frontendCSRF' => 'a2kzLlJMdkJZH3wfDS08ISoca2RhBhMpByVfcREhNwdZUQRDMTsUDw=='
    'SignupForm' => [
        'username' => 'aacarpio'
        'email' => 'sample@email.com'
        'password' => '123123'
    ]
    'signup-button' => ''
]

$_COOKIE = [
    'PHPFRONTSESSID' => 'mo4mk9lh9r0ethssjt3rl0shg7'
    '_frontendCSRF' => '92d2af042567942328fa39b61ad9b42f75e526725716abd53fca291bf597cf42a:2:{i:0;s:13:\"_frontendCSRF\";i:1;s:32:\"2vO1_aJcAuXJ3JeklLl_CmAE287mcwbM\";}'
    '_backendCSRF' => '0320630ce311522cccc35b1eaef2973caabd36d0ddabe588c78e7220e06f2ef4a:2:{i:0;s:12:\"_backendCSRF\";i:1;s:32:\"BQdaj1GJkI2Mn0DmEG1YQAjSE9wvlGld\";}'
    'PHPBACKSESSID' => 'a33qu1uer0op5b02gmt5u6lom0'
]

$_SESSION = [
    '__flash' => []
]

$_SERVER = [
    'MIBDIRS' => 'C:/xampp/php/extras/mibs'
    'MYSQL_HOME' => '\\xampp\\mysql\\bin'
    'OPENSSL_CONF' => 'C:/xampp/apache/bin/openssl.cnf'
    'PHP_PEAR_SYSCONF_DIR' => '\\xampp\\php'
    'PHPRC' => '\\xampp\\php'
    'TMP' => '\\xampp\\tmp'
    'HTTP_HOST' => 'localhost'
    'HTTP_CONNECTION' => 'keep-alive'
    'CONTENT_LENGTH' => '196'
    'HTTP_CACHE_CONTROL' => 'max-age=0'
    'HTTP_ORIGIN' => 'http://localhost'
    'HTTP_UPGRADE_INSECURE_REQUESTS' => '1'
    'HTTP_USER_AGENT' => 'Mozilla/5.0 (Windows NT 10.0; WOW64) AppleWebKit/537.36 (KHTML, like Gecko) Chrome/54.0.2840.99 Safari/537.36'
    'CONTENT_TYPE' => 'application/x-www-form-urlencoded'
    'HTTP_ACCEPT' => 'text/html,application/xhtml+xml,application/xml;q=0.9,image/webp,*/*;q=0.8'
    'HTTP_REFERER' => 'http://localhost/advanced/frontend/web/index.php?r=site%2Fsignup'
    'HTTP_ACCEPT_ENCODING' => 'gzip, deflate, br'
    'HTTP_ACCEPT_LANGUAGE' => 'en-US,en;q=0.8'
    'HTTP_COOKIE' => 'PHPFRONTSESSID=mo4mk9lh9r0ethssjt3rl0shg7; _frontendCSRF=92d2af042567942328fa39b61ad9b42f75e526725716abd53fca291bf597cf42a%3A2%3A%7Bi%3A0%3Bs%3A13%3A%22_frontendCSRF%22%3Bi%3A1%3Bs%3A32%3A%222vO1_aJcAuXJ3JeklLl_CmAE287mcwbM%22%3B%7D; _backendCSRF=0320630ce311522cccc35b1eaef2973caabd36d0ddabe588c78e7220e06f2ef4a%3A2%3A%7Bi%3A0%3Bs%3A12%3A%22_backendCSRF%22%3Bi%3A1%3Bs%3A32%3A%22BQdaj1GJkI2Mn0DmEG1YQAjSE9wvlGld%22%3B%7D; PHPBACKSESSID=a33qu1uer0op5b02gmt5u6lom0'
    'PATH' => 'C:\\ProgramData\\Oracle\\Java\\javapath;C:\\Program Files (x86)\\Intel\\iCLS Client\\;C:\\Program Files\\Intel\\iCLS Client\\;C:\\WINDOWS\\system32;C:\\WINDOWS;C:\\WINDOWS\\System32\\Wbem;C:\\WINDOWS\\System32\\WindowsPowerShell\\v1.0\\;C:\\Program Files (x86)\\Intel\\Intel(R) Management Engine Components\\DAL;C:\\Program Files\\Intel\\Intel(R) Management Engine Components\\DAL;C:\\Program Files (x86)\\Intel\\Intel(R) Management Engine Components\\IPT;C:\\Program Files\\Intel\\Intel(R) Management Engine Components\\IPT;C:\\Program Files (x86)\\Windows Kits\\8.1\\Windows Performance Toolkit\\;C:\\Program Files\\Microsoft SQL Server\\110\\Tools\\Binn\\;C:\\Program Files (x86)\\GtkSharp\\2.12\\bin;C:\\Program Files\\Intel\\WiFi\\bin\\;C:\\Program Files\\Common Files\\Intel\\WirelessCommon\\;C:\\Program Files\\Git\\cmd;C:\\Program Files\\TortoiseSVN\\bin;C:\\xampp\\htdocs\\advanced;C:\\Program Files\\CloudFoundry;C:\\Program Files\\TortoiseGit\\bin;C:\\Users\\mlbel\\AppData\\Local\\Microsoft\\WindowsApps;'
    'SystemRoot' => 'C:\\WINDOWS'
    'COMSPEC' => 'C:\\WINDOWS\\system32\\cmd.exe'
    'PATHEXT' => '.COM;.EXE;.BAT;.CMD;.VBS;.VBE;.JS;.JSE;.WSF;.WSH;.MSC'
    'WINDIR' => 'C:\\WINDOWS'
    'SERVER_SIGNATURE' => '<address>Apache/2.4.17 (Win32) OpenSSL/1.0.2d PHP/5.6.14 Server at localhost Port 80</address>
'
    'SERVER_SOFTWARE' => 'Apache/2.4.17 (Win32) OpenSSL/1.0.2d PHP/5.6.14'
    'SERVER_NAME' => 'localhost'
    'SERVER_ADDR' => '::1'
    'SERVER_PORT' => '80'
    'REMOTE_ADDR' => '::1'
    'DOCUMENT_ROOT' => 'C:/xampp/htdocs'
    'REQUEST_SCHEME' => 'http'
    'CONTEXT_PREFIX' => ''
    'CONTEXT_DOCUMENT_ROOT' => 'C:/xampp/htdocs'
    'SERVER_ADMIN' => 'postmaster@localhost'
    'SCRIPT_FILENAME' => 'C:/xampp/htdocs/advanced/frontend/web/index.php'
    'REMOTE_PORT' => '50763'
    'GATEWAY_INTERFACE' => 'CGI/1.1'
    'SERVER_PROTOCOL' => 'HTTP/1.1'
    'REQUEST_METHOD' => 'POST'
    'QUERY_STRING' => 'r=site%2Fsignup'
    'REQUEST_URI' => '/advanced/frontend/web/index.php?r=site%2Fsignup'
    'SCRIPT_NAME' => '/advanced/frontend/web/index.php'
    'PHP_SELF' => '/advanced/frontend/web/index.php'
    'REQUEST_TIME_FLOAT' => 1479797019.997
    'REQUEST_TIME' => 1479797019
]
