2016-11-21 14:03:11 [::1][-][-][error][yii\base\ViewNotFoundException] exception 'yii\base\ViewNotFoundException' with message 'The view file does not exist: C:\Users\mlbel\Desktop\Project---Reservation-System\Application\advanced\backend\views\admin\index.php' in C:\Users\mlbel\Desktop\Project---Reservation-System\Application\advanced\vendor\yiisoft\yii2\base\View.php:227
Stack trace:
#0 C:\Users\mlbel\Desktop\Project---Reservation-System\Application\advanced\vendor\yiisoft\yii2\base\View.php(150): yii\base\View->renderFile('C:\\Users\\mlbel\\...', Array, Object(backend\controllers\AdminController))
#1 C:\Users\mlbel\Desktop\Project---Reservation-System\Application\advanced\vendor\yiisoft\yii2\base\Controller.php(378): yii\base\View->render('index', Array, Object(backend\controllers\AdminController))
#2 C:\Users\mlbel\Desktop\Project---Reservation-System\Application\advanced\backend\controllers\AdminController.php(44): yii\base\Controller->render('index', Array)
#3 [internal function]: backend\controllers\AdminController->actionIndex()
#4 C:\Users\mlbel\Desktop\Project---Reservation-System\Application\advanced\vendor\yiisoft\yii2\base\InlineAction.php(55): call_user_func_array(Array, Array)
#5 C:\Users\mlbel\Desktop\Project---Reservation-System\Application\advanced\vendor\yiisoft\yii2\base\Controller.php(154): yii\base\InlineAction->runWithParams(Array)
#6 C:\Users\mlbel\Desktop\Project---Reservation-System\Application\advanced\vendor\yiisoft\yii2\base\Module.php(454): yii\base\Controller->runAction('', Array)
#7 C:\Users\mlbel\Desktop\Project---Reservation-System\Application\advanced\vendor\yiisoft\yii2\web\Application.php(100): yii\base\Module->runAction('admin', Array)
#8 C:\Users\mlbel\Desktop\Project---Reservation-System\Application\advanced\vendor\yiisoft\yii2\base\Application.php(375): yii\web\Application->handleRequest(Object(yii\web\Request))
#9 C:\Users\mlbel\Desktop\Project---Reservation-System\Application\advanced\backend\web\index.php(17): yii\base\Application->run()
#10 {main}
2016-11-21 14:03:10 [::1][-][-][info][application] $_GET = [
    'r' => 'admin'
]

$_COOKIE = [
    '_csrf-frontend' => '2824fe3d63878aeb0fc7d6dd16df9367c09a20e02528efa1d52a2b7d99ab0683a:2:{i:0;s:14:\"_csrf-frontend\";i:1;s:32:\"Nv1FC0dgilg3ZCybVxx9wftUAKvNVu5U\";}'
    '_csrf-backend' => '41dbd28b5e4f96b6540d841dc950b289c5dd15e66752aab7931b55b41c06eee6a:2:{i:0;s:13:\"_csrf-backend\";i:1;s:32:\"mXXjMM4JwmPNUO2ovl-JGCaCaswIlKnz\";}'
    'advanced-frontend' => 'i9fek8ota3fqgor303g9dlsfd3'
    'advanced-backend' => 'ojn1klnhqprhl5dlaueu8k70o6'
]

$_SERVER = [
    'MIBDIRS' => 'C:/xampp/php/extras/mibs'
    'MYSQL_HOME' => '\\xampp\\mysql\\bin'
    'OPENSSL_CONF' => 'C:/xampp/apache/bin/openssl.cnf'
    'PHP_PEAR_SYSCONF_DIR' => '\\xampp\\php'
    'PHPRC' => '\\xampp\\php'
    'TMP' => '\\xampp\\tmp'
    'HTTP_HOST' => 'localhost'
    'HTTP_CONNECTION' => 'keep-alive'
    'HTTP_UPGRADE_INSECURE_REQUESTS' => '1'
    'HTTP_USER_AGENT' => 'Mozilla/5.0 (Windows NT 10.0; WOW64) AppleWebKit/537.36 (KHTML, like Gecko) Chrome/54.0.2840.99 Safari/537.36'
    'HTTP_ACCEPT' => 'text/html,application/xhtml+xml,application/xml;q=0.9,image/webp,*/*;q=0.8'
    'HTTP_ACCEPT_ENCODING' => 'gzip, deflate, sdch, br'
    'HTTP_ACCEPT_LANGUAGE' => 'en-US,en;q=0.8'
    'HTTP_COOKIE' => '_csrf-frontend=2824fe3d63878aeb0fc7d6dd16df9367c09a20e02528efa1d52a2b7d99ab0683a%3A2%3A%7Bi%3A0%3Bs%3A14%3A%22_csrf-frontend%22%3Bi%3A1%3Bs%3A32%3A%22Nv1FC0dgilg3ZCybVxx9wftUAKvNVu5U%22%3B%7D; _csrf-backend=41dbd28b5e4f96b6540d841dc950b289c5dd15e66752aab7931b55b41c06eee6a%3A2%3A%7Bi%3A0%3Bs%3A13%3A%22_csrf-backend%22%3Bi%3A1%3Bs%3A32%3A%22mXXjMM4JwmPNUO2ovl-JGCaCaswIlKnz%22%3B%7D; advanced-frontend=i9fek8ota3fqgor303g9dlsfd3; advanced-backend=ojn1klnhqprhl5dlaueu8k70o6'
    'PATH' => 'C:\\ProgramData\\Oracle\\Java\\javapath;C:\\Program Files (x86)\\Intel\\iCLS Client\\;C:\\Program Files\\Intel\\iCLS Client\\;C:\\WINDOWS\\system32;C:\\WINDOWS;C:\\WINDOWS\\System32\\Wbem;C:\\WINDOWS\\System32\\WindowsPowerShell\\v1.0\\;C:\\Program Files (x86)\\Intel\\Intel(R) Management Engine Components\\DAL;C:\\Program Files\\Intel\\Intel(R) Management Engine Components\\DAL;C:\\Program Files (x86)\\Intel\\Intel(R) Management Engine Components\\IPT;C:\\Program Files\\Intel\\Intel(R) Management Engine Components\\IPT;C:\\Program Files (x86)\\Windows Kits\\8.1\\Windows Performance Toolkit\\;C:\\Program Files\\Microsoft SQL Server\\110\\Tools\\Binn\\;C:\\Program Files (x86)\\GtkSharp\\2.12\\bin;C:\\Program Files\\Intel\\WiFi\\bin\\;C:\\Program Files\\Common Files\\Intel\\WirelessCommon\\;C:\\Program Files\\Git\\cmd;C:\\Program Files\\TortoiseSVN\\bin;C:\\xampp\\htdocs\\advanced;C:\\Program Files\\CloudFoundry;C:\\Program Files\\TortoiseGit\\bin;C:\\Users\\mlbel\\AppData\\Local\\Microsoft\\WindowsApps;'
    'SystemRoot' => 'C:\\WINDOWS'
    'COMSPEC' => 'C:\\WINDOWS\\system32\\cmd.exe'
    'PATHEXT' => '.COM;.EXE;.BAT;.CMD;.VBS;.VBE;.JS;.JSE;.WSF;.WSH;.MSC'
    'WINDIR' => 'C:\\WINDOWS'
    'SERVER_SIGNATURE' => '<address>Apache/2.4.17 (Win32) OpenSSL/1.0.2d PHP/5.6.14 Server at localhost Port 80</address>
'
    'SERVER_SOFTWARE' => 'Apache/2.4.17 (Win32) OpenSSL/1.0.2d PHP/5.6.14'
    'SERVER_NAME' => 'localhost'
    'SERVER_ADDR' => '::1'
    'SERVER_PORT' => '80'
    'REMOTE_ADDR' => '::1'
    'DOCUMENT_ROOT' => 'C:/xampp/htdocs'
    'REQUEST_SCHEME' => 'http'
    'CONTEXT_PREFIX' => ''
    'CONTEXT_DOCUMENT_ROOT' => 'C:/xampp/htdocs'
    'SERVER_ADMIN' => 'postmaster@localhost'
    'SCRIPT_FILENAME' => 'C:/xampp/htdocs/advanced/backend/web/index.php'
    'REMOTE_PORT' => '51604'
    'GATEWAY_INTERFACE' => 'CGI/1.1'
    'SERVER_PROTOCOL' => 'HTTP/1.1'
    'REQUEST_METHOD' => 'GET'
    'QUERY_STRING' => 'r=admin'
    'REQUEST_URI' => '/advanced/backend/web/index.php?r=admin'
    'SCRIPT_NAME' => '/advanced/backend/web/index.php'
    'PHP_SELF' => '/advanced/backend/web/index.php'
    'REQUEST_TIME_FLOAT' => 1479733390.972
    'REQUEST_TIME' => 1479733390
]
2016-11-21 14:17:38 [::1][-][-][error][yii\base\ViewNotFoundException] exception 'yii\base\ViewNotFoundException' with message 'The view file does not exist: C:\Users\mlbel\Desktop\Project---Reservation-System\Application\advanced\backend\views\admin\index.php' in C:\Users\mlbel\Desktop\Project---Reservation-System\Application\advanced\vendor\yiisoft\yii2\base\View.php:227
Stack trace:
#0 C:\Users\mlbel\Desktop\Project---Reservation-System\Application\advanced\vendor\yiisoft\yii2\base\View.php(150): yii\base\View->renderFile('C:\\Users\\mlbel\\...', Array, Object(backend\controllers\AdminController))
#1 C:\Users\mlbel\Desktop\Project---Reservation-System\Application\advanced\vendor\yiisoft\yii2\base\Controller.php(378): yii\base\View->render('index', Array, Object(backend\controllers\AdminController))
#2 C:\Users\mlbel\Desktop\Project---Reservation-System\Application\advanced\backend\controllers\AdminController.php(44): yii\base\Controller->render('index', Array)
#3 [internal function]: backend\controllers\AdminController->actionIndex()
#4 C:\Users\mlbel\Desktop\Project---Reservation-System\Application\advanced\vendor\yiisoft\yii2\base\InlineAction.php(55): call_user_func_array(Array, Array)
#5 C:\Users\mlbel\Desktop\Project---Reservation-System\Application\advanced\vendor\yiisoft\yii2\base\Controller.php(154): yii\base\InlineAction->runWithParams(Array)
#6 C:\Users\mlbel\Desktop\Project---Reservation-System\Application\advanced\vendor\yiisoft\yii2\base\Module.php(454): yii\base\Controller->runAction('', Array)
#7 C:\Users\mlbel\Desktop\Project---Reservation-System\Application\advanced\vendor\yiisoft\yii2\web\Application.php(100): yii\base\Module->runAction('admin', Array)
#8 C:\Users\mlbel\Desktop\Project---Reservation-System\Application\advanced\vendor\yiisoft\yii2\base\Application.php(375): yii\web\Application->handleRequest(Object(yii\web\Request))
#9 C:\Users\mlbel\Desktop\Project---Reservation-System\Application\advanced\backend\web\index.php(17): yii\base\Application->run()
#10 {main}
2016-11-21 14:17:38 [::1][-][-][info][application] $_GET = [
    'r' => 'admin'
]

$_COOKIE = [
    '_csrf-frontend' => '2824fe3d63878aeb0fc7d6dd16df9367c09a20e02528efa1d52a2b7d99ab0683a:2:{i:0;s:14:\"_csrf-frontend\";i:1;s:32:\"Nv1FC0dgilg3ZCybVxx9wftUAKvNVu5U\";}'
    '_csrf-backend' => '41dbd28b5e4f96b6540d841dc950b289c5dd15e66752aab7931b55b41c06eee6a:2:{i:0;s:13:\"_csrf-backend\";i:1;s:32:\"mXXjMM4JwmPNUO2ovl-JGCaCaswIlKnz\";}'
    'advanced-frontend' => 'i9fek8ota3fqgor303g9dlsfd3'
    'advanced-backend' => 'ojn1klnhqprhl5dlaueu8k70o6'
]

$_SERVER = [
    'MIBDIRS' => 'C:/xampp/php/extras/mibs'
    'MYSQL_HOME' => '\\xampp\\mysql\\bin'
    'OPENSSL_CONF' => 'C:/xampp/apache/bin/openssl.cnf'
    'PHP_PEAR_SYSCONF_DIR' => '\\xampp\\php'
    'PHPRC' => '\\xampp\\php'
    'TMP' => '\\xampp\\tmp'
    'HTTP_HOST' => 'localhost'
    'HTTP_CONNECTION' => 'keep-alive'
    'HTTP_CACHE_CONTROL' => 'max-age=0'
    'HTTP_UPGRADE_INSECURE_REQUESTS' => '1'
    'HTTP_USER_AGENT' => 'Mozilla/5.0 (Windows NT 10.0; WOW64) AppleWebKit/537.36 (KHTML, like Gecko) Chrome/54.0.2840.99 Safari/537.36'
    'HTTP_ACCEPT' => 'text/html,application/xhtml+xml,application/xml;q=0.9,image/webp,*/*;q=0.8'
    'HTTP_ACCEPT_ENCODING' => 'gzip, deflate, sdch, br'
    'HTTP_ACCEPT_LANGUAGE' => 'en-US,en;q=0.8'
    'HTTP_COOKIE' => '_csrf-frontend=2824fe3d63878aeb0fc7d6dd16df9367c09a20e02528efa1d52a2b7d99ab0683a%3A2%3A%7Bi%3A0%3Bs%3A14%3A%22_csrf-frontend%22%3Bi%3A1%3Bs%3A32%3A%22Nv1FC0dgilg3ZCybVxx9wftUAKvNVu5U%22%3B%7D; _csrf-backend=41dbd28b5e4f96b6540d841dc950b289c5dd15e66752aab7931b55b41c06eee6a%3A2%3A%7Bi%3A0%3Bs%3A13%3A%22_csrf-backend%22%3Bi%3A1%3Bs%3A32%3A%22mXXjMM4JwmPNUO2ovl-JGCaCaswIlKnz%22%3B%7D; advanced-frontend=i9fek8ota3fqgor303g9dlsfd3; advanced-backend=ojn1klnhqprhl5dlaueu8k70o6'
    'PATH' => 'C:\\ProgramData\\Oracle\\Java\\javapath;C:\\Program Files (x86)\\Intel\\iCLS Client\\;C:\\Program Files\\Intel\\iCLS Client\\;C:\\WINDOWS\\system32;C:\\WINDOWS;C:\\WINDOWS\\System32\\Wbem;C:\\WINDOWS\\System32\\WindowsPowerShell\\v1.0\\;C:\\Program Files (x86)\\Intel\\Intel(R) Management Engine Components\\DAL;C:\\Program Files\\Intel\\Intel(R) Management Engine Components\\DAL;C:\\Program Files (x86)\\Intel\\Intel(R) Management Engine Components\\IPT;C:\\Program Files\\Intel\\Intel(R) Management Engine Components\\IPT;C:\\Program Files (x86)\\Windows Kits\\8.1\\Windows Performance Toolkit\\;C:\\Program Files\\Microsoft SQL Server\\110\\Tools\\Binn\\;C:\\Program Files (x86)\\GtkSharp\\2.12\\bin;C:\\Program Files\\Intel\\WiFi\\bin\\;C:\\Program Files\\Common Files\\Intel\\WirelessCommon\\;C:\\Program Files\\Git\\cmd;C:\\Program Files\\TortoiseSVN\\bin;C:\\xampp\\htdocs\\advanced;C:\\Program Files\\CloudFoundry;C:\\Program Files\\TortoiseGit\\bin;C:\\Users\\mlbel\\AppData\\Local\\Microsoft\\WindowsApps;'
    'SystemRoot' => 'C:\\WINDOWS'
    'COMSPEC' => 'C:\\WINDOWS\\system32\\cmd.exe'
    'PATHEXT' => '.COM;.EXE;.BAT;.CMD;.VBS;.VBE;.JS;.JSE;.WSF;.WSH;.MSC'
    'WINDIR' => 'C:\\WINDOWS'
    'SERVER_SIGNATURE' => '<address>Apache/2.4.17 (Win32) OpenSSL/1.0.2d PHP/5.6.14 Server at localhost Port 80</address>
'
    'SERVER_SOFTWARE' => 'Apache/2.4.17 (Win32) OpenSSL/1.0.2d PHP/5.6.14'
    'SERVER_NAME' => 'localhost'
    'SERVER_ADDR' => '::1'
    'SERVER_PORT' => '80'
    'REMOTE_ADDR' => '::1'
    'DOCUMENT_ROOT' => 'C:/xampp/htdocs'
    'REQUEST_SCHEME' => 'http'
    'CONTEXT_PREFIX' => ''
    'CONTEXT_DOCUMENT_ROOT' => 'C:/xampp/htdocs'
    'SERVER_ADMIN' => 'postmaster@localhost'
    'SCRIPT_FILENAME' => 'C:/xampp/htdocs/advanced/backend/web/index.php'
    'REMOTE_PORT' => '51869'
    'GATEWAY_INTERFACE' => 'CGI/1.1'
    'SERVER_PROTOCOL' => 'HTTP/1.1'
    'REQUEST_METHOD' => 'GET'
    'QUERY_STRING' => 'r=admin'
    'REQUEST_URI' => '/advanced/backend/web/index.php?r=admin'
    'SCRIPT_NAME' => '/advanced/backend/web/index.php'
    'PHP_SELF' => '/advanced/backend/web/index.php'
    'REQUEST_TIME_FLOAT' => 1479734258.062
    'REQUEST_TIME' => 1479734258
]
2016-11-21 14:20:04 [::1][-][-][error][yii\base\ViewNotFoundException] exception 'yii\base\ViewNotFoundException' with message 'The view file does not exist: C:\Users\mlbel\Desktop\Project---Reservation-System\Application\advanced\backend\views\admin\index.php' in C:\Users\mlbel\Desktop\Project---Reservation-System\Application\advanced\vendor\yiisoft\yii2\base\View.php:227
Stack trace:
#0 C:\Users\mlbel\Desktop\Project---Reservation-System\Application\advanced\vendor\yiisoft\yii2\base\View.php(150): yii\base\View->renderFile('C:\\Users\\mlbel\\...', Array, Object(backend\controllers\AdminController))
#1 C:\Users\mlbel\Desktop\Project---Reservation-System\Application\advanced\vendor\yiisoft\yii2\base\Controller.php(378): yii\base\View->render('index', Array, Object(backend\controllers\AdminController))
#2 C:\Users\mlbel\Desktop\Project---Reservation-System\Application\advanced\backend\controllers\AdminController.php(44): yii\base\Controller->render('index', Array)
#3 [internal function]: backend\controllers\AdminController->actionIndex()
#4 C:\Users\mlbel\Desktop\Project---Reservation-System\Application\advanced\vendor\yiisoft\yii2\base\InlineAction.php(55): call_user_func_array(Array, Array)
#5 C:\Users\mlbel\Desktop\Project---Reservation-System\Application\advanced\vendor\yiisoft\yii2\base\Controller.php(154): yii\base\InlineAction->runWithParams(Array)
#6 C:\Users\mlbel\Desktop\Project---Reservation-System\Application\advanced\vendor\yiisoft\yii2\base\Module.php(454): yii\base\Controller->runAction('', Array)
#7 C:\Users\mlbel\Desktop\Project---Reservation-System\Application\advanced\vendor\yiisoft\yii2\web\Application.php(100): yii\base\Module->runAction('admin', Array)
#8 C:\Users\mlbel\Desktop\Project---Reservation-System\Application\advanced\vendor\yiisoft\yii2\base\Application.php(375): yii\web\Application->handleRequest(Object(yii\web\Request))
#9 C:\Users\mlbel\Desktop\Project---Reservation-System\Application\advanced\backend\web\index.php(17): yii\base\Application->run()
#10 {main}
2016-11-21 14:20:04 [::1][-][-][info][application] $_GET = [
    'r' => 'admin'
]

$_COOKIE = [
    '_csrf-frontend' => '2824fe3d63878aeb0fc7d6dd16df9367c09a20e02528efa1d52a2b7d99ab0683a:2:{i:0;s:14:\"_csrf-frontend\";i:1;s:32:\"Nv1FC0dgilg3ZCybVxx9wftUAKvNVu5U\";}'
    '_csrf-backend' => '41dbd28b5e4f96b6540d841dc950b289c5dd15e66752aab7931b55b41c06eee6a:2:{i:0;s:13:\"_csrf-backend\";i:1;s:32:\"mXXjMM4JwmPNUO2ovl-JGCaCaswIlKnz\";}'
    'advanced-frontend' => 'i9fek8ota3fqgor303g9dlsfd3'
    'advanced-backend' => 'ojn1klnhqprhl5dlaueu8k70o6'
    'PHPFRONTSESSID' => 'vlala4smgep8051fse06mmgma0'
    '_frontendCSRF' => '343d1463c3abd2fe11fbf4f27e90468218fd5a005a3c2c22b361215d198b5aaaa:2:{i:0;s:13:\"_frontendCSRF\";i:1;s:32:\"KlUKoRh7KvUycqDEgkBuK3uaZ-TufZIi\";}'
]

$_SERVER = [
    'MIBDIRS' => 'C:/xampp/php/extras/mibs'
    'MYSQL_HOME' => '\\xampp\\mysql\\bin'
    'OPENSSL_CONF' => 'C:/xampp/apache/bin/openssl.cnf'
    'PHP_PEAR_SYSCONF_DIR' => '\\xampp\\php'
    'PHPRC' => '\\xampp\\php'
    'TMP' => '\\xampp\\tmp'
    'HTTP_HOST' => 'localhost'
    'HTTP_CONNECTION' => 'keep-alive'
    'HTTP_UPGRADE_INSECURE_REQUESTS' => '1'
    'HTTP_USER_AGENT' => 'Mozilla/5.0 (Windows NT 10.0; WOW64) AppleWebKit/537.36 (KHTML, like Gecko) Chrome/54.0.2840.99 Safari/537.36'
    'HTTP_ACCEPT' => 'text/html,application/xhtml+xml,application/xml;q=0.9,image/webp,*/*;q=0.8'
    'HTTP_ACCEPT_ENCODING' => 'gzip, deflate, sdch, br'
    'HTTP_ACCEPT_LANGUAGE' => 'en-US,en;q=0.8'
    'HTTP_COOKIE' => '_csrf-frontend=2824fe3d63878aeb0fc7d6dd16df9367c09a20e02528efa1d52a2b7d99ab0683a%3A2%3A%7Bi%3A0%3Bs%3A14%3A%22_csrf-frontend%22%3Bi%3A1%3Bs%3A32%3A%22Nv1FC0dgilg3ZCybVxx9wftUAKvNVu5U%22%3B%7D; _csrf-backend=41dbd28b5e4f96b6540d841dc950b289c5dd15e66752aab7931b55b41c06eee6a%3A2%3A%7Bi%3A0%3Bs%3A13%3A%22_csrf-backend%22%3Bi%3A1%3Bs%3A32%3A%22mXXjMM4JwmPNUO2ovl-JGCaCaswIlKnz%22%3B%7D; advanced-frontend=i9fek8ota3fqgor303g9dlsfd3; advanced-backend=ojn1klnhqprhl5dlaueu8k70o6; PHPFRONTSESSID=vlala4smgep8051fse06mmgma0; _frontendCSRF=343d1463c3abd2fe11fbf4f27e90468218fd5a005a3c2c22b361215d198b5aaaa%3A2%3A%7Bi%3A0%3Bs%3A13%3A%22_frontendCSRF%22%3Bi%3A1%3Bs%3A32%3A%22KlUKoRh7KvUycqDEgkBuK3uaZ-TufZIi%22%3B%7D'
    'PATH' => 'C:\\ProgramData\\Oracle\\Java\\javapath;C:\\Program Files (x86)\\Intel\\iCLS Client\\;C:\\Program Files\\Intel\\iCLS Client\\;C:\\WINDOWS\\system32;C:\\WINDOWS;C:\\WINDOWS\\System32\\Wbem;C:\\WINDOWS\\System32\\WindowsPowerShell\\v1.0\\;C:\\Program Files (x86)\\Intel\\Intel(R) Management Engine Components\\DAL;C:\\Program Files\\Intel\\Intel(R) Management Engine Components\\DAL;C:\\Program Files (x86)\\Intel\\Intel(R) Management Engine Components\\IPT;C:\\Program Files\\Intel\\Intel(R) Management Engine Components\\IPT;C:\\Program Files (x86)\\Windows Kits\\8.1\\Windows Performance Toolkit\\;C:\\Program Files\\Microsoft SQL Server\\110\\Tools\\Binn\\;C:\\Program Files (x86)\\GtkSharp\\2.12\\bin;C:\\Program Files\\Intel\\WiFi\\bin\\;C:\\Program Files\\Common Files\\Intel\\WirelessCommon\\;C:\\Program Files\\Git\\cmd;C:\\Program Files\\TortoiseSVN\\bin;C:\\xampp\\htdocs\\advanced;C:\\Program Files\\CloudFoundry;C:\\Program Files\\TortoiseGit\\bin;C:\\Users\\mlbel\\AppData\\Local\\Microsoft\\WindowsApps;'
    'SystemRoot' => 'C:\\WINDOWS'
    'COMSPEC' => 'C:\\WINDOWS\\system32\\cmd.exe'
    'PATHEXT' => '.COM;.EXE;.BAT;.CMD;.VBS;.VBE;.JS;.JSE;.WSF;.WSH;.MSC'
    'WINDIR' => 'C:\\WINDOWS'
    'SERVER_SIGNATURE' => '<address>Apache/2.4.17 (Win32) OpenSSL/1.0.2d PHP/5.6.14 Server at localhost Port 80</address>
'
    'SERVER_SOFTWARE' => 'Apache/2.4.17 (Win32) OpenSSL/1.0.2d PHP/5.6.14'
    'SERVER_NAME' => 'localhost'
    'SERVER_ADDR' => '::1'
    'SERVER_PORT' => '80'
    'REMOTE_ADDR' => '::1'
    'DOCUMENT_ROOT' => 'C:/xampp/htdocs'
    'REQUEST_SCHEME' => 'http'
    'CONTEXT_PREFIX' => ''
    'CONTEXT_DOCUMENT_ROOT' => 'C:/xampp/htdocs'
    'SERVER_ADMIN' => 'postmaster@localhost'
    'SCRIPT_FILENAME' => 'C:/xampp/htdocs/advanced/backend/web/index.php'
    'REMOTE_PORT' => '51953'
    'GATEWAY_INTERFACE' => 'CGI/1.1'
    'SERVER_PROTOCOL' => 'HTTP/1.1'
    'REQUEST_METHOD' => 'GET'
    'QUERY_STRING' => 'r=admin'
    'REQUEST_URI' => '/advanced/backend/web/index.php?r=admin'
    'SCRIPT_NAME' => '/advanced/backend/web/index.php'
    'PHP_SELF' => '/advanced/backend/web/index.php'
    'REQUEST_TIME_FLOAT' => 1479734404.68
    'REQUEST_TIME' => 1479734404
]
2016-11-21 14:41:24 [::1][-][-][error][yii\base\ViewNotFoundException] exception 'yii\base\ViewNotFoundException' with message 'The view file does not exist: C:\Users\mlbel\Desktop\Project---Reservation-System\Application\advanced\backend\views\admin\index.php' in C:\Users\mlbel\Desktop\Project---Reservation-System\Application\advanced\vendor\yiisoft\yii2\base\View.php:227
Stack trace:
#0 C:\Users\mlbel\Desktop\Project---Reservation-System\Application\advanced\vendor\yiisoft\yii2\base\View.php(150): yii\base\View->renderFile('C:\\Users\\mlbel\\...', Array, Object(backend\controllers\AdminController))
#1 C:\Users\mlbel\Desktop\Project---Reservation-System\Application\advanced\vendor\yiisoft\yii2\base\Controller.php(378): yii\base\View->render('index', Array, Object(backend\controllers\AdminController))
#2 C:\Users\mlbel\Desktop\Project---Reservation-System\Application\advanced\backend\controllers\AdminController.php(44): yii\base\Controller->render('index', Array)
#3 [internal function]: backend\controllers\AdminController->actionIndex()
#4 C:\Users\mlbel\Desktop\Project---Reservation-System\Application\advanced\vendor\yiisoft\yii2\base\InlineAction.php(55): call_user_func_array(Array, Array)
#5 C:\Users\mlbel\Desktop\Project---Reservation-System\Application\advanced\vendor\yiisoft\yii2\base\Controller.php(154): yii\base\InlineAction->runWithParams(Array)
#6 C:\Users\mlbel\Desktop\Project---Reservation-System\Application\advanced\vendor\yiisoft\yii2\base\Module.php(454): yii\base\Controller->runAction('', Array)
#7 C:\Users\mlbel\Desktop\Project---Reservation-System\Application\advanced\vendor\yiisoft\yii2\web\Application.php(100): yii\base\Module->runAction('admin', Array)
#8 C:\Users\mlbel\Desktop\Project---Reservation-System\Application\advanced\vendor\yiisoft\yii2\base\Application.php(375): yii\web\Application->handleRequest(Object(yii\web\Request))
#9 C:\Users\mlbel\Desktop\Project---Reservation-System\Application\advanced\backend\web\index.php(17): yii\base\Application->run()
#10 {main}
2016-11-21 14:41:24 [::1][-][-][info][application] $_GET = [
    'r' => 'admin'
]

$_COOKIE = [
    '_csrf-frontend' => '2824fe3d63878aeb0fc7d6dd16df9367c09a20e02528efa1d52a2b7d99ab0683a:2:{i:0;s:14:\"_csrf-frontend\";i:1;s:32:\"Nv1FC0dgilg3ZCybVxx9wftUAKvNVu5U\";}'
    '_csrf-backend' => '41dbd28b5e4f96b6540d841dc950b289c5dd15e66752aab7931b55b41c06eee6a:2:{i:0;s:13:\"_csrf-backend\";i:1;s:32:\"mXXjMM4JwmPNUO2ovl-JGCaCaswIlKnz\";}'
    'advanced-frontend' => 'i9fek8ota3fqgor303g9dlsfd3'
    'advanced-backend' => 'ojn1klnhqprhl5dlaueu8k70o6'
    'PHPFRONTSESSID' => 'vlala4smgep8051fse06mmgma0'
    '_frontendCSRF' => '343d1463c3abd2fe11fbf4f27e90468218fd5a005a3c2c22b361215d198b5aaaa:2:{i:0;s:13:\"_frontendCSRF\";i:1;s:32:\"KlUKoRh7KvUycqDEgkBuK3uaZ-TufZIi\";}'
]

$_SERVER = [
    'MIBDIRS' => 'C:/xampp/php/extras/mibs'
    'MYSQL_HOME' => '\\xampp\\mysql\\bin'
    'OPENSSL_CONF' => 'C:/xampp/apache/bin/openssl.cnf'
    'PHP_PEAR_SYSCONF_DIR' => '\\xampp\\php'
    'PHPRC' => '\\xampp\\php'
    'TMP' => '\\xampp\\tmp'
    'HTTP_HOST' => 'localhost'
    'HTTP_CONNECTION' => 'keep-alive'
    'HTTP_UPGRADE_INSECURE_REQUESTS' => '1'
    'HTTP_USER_AGENT' => 'Mozilla/5.0 (Windows NT 10.0; WOW64) AppleWebKit/537.36 (KHTML, like Gecko) Chrome/54.0.2840.99 Safari/537.36'
    'HTTP_ACCEPT' => 'text/html,application/xhtml+xml,application/xml;q=0.9,image/webp,*/*;q=0.8'
    'HTTP_ACCEPT_ENCODING' => 'gzip, deflate, sdch, br'
    'HTTP_ACCEPT_LANGUAGE' => 'en-US,en;q=0.8'
    'HTTP_COOKIE' => '_csrf-frontend=2824fe3d63878aeb0fc7d6dd16df9367c09a20e02528efa1d52a2b7d99ab0683a%3A2%3A%7Bi%3A0%3Bs%3A14%3A%22_csrf-frontend%22%3Bi%3A1%3Bs%3A32%3A%22Nv1FC0dgilg3ZCybVxx9wftUAKvNVu5U%22%3B%7D; _csrf-backend=41dbd28b5e4f96b6540d841dc950b289c5dd15e66752aab7931b55b41c06eee6a%3A2%3A%7Bi%3A0%3Bs%3A13%3A%22_csrf-backend%22%3Bi%3A1%3Bs%3A32%3A%22mXXjMM4JwmPNUO2ovl-JGCaCaswIlKnz%22%3B%7D; advanced-frontend=i9fek8ota3fqgor303g9dlsfd3; advanced-backend=ojn1klnhqprhl5dlaueu8k70o6; PHPFRONTSESSID=vlala4smgep8051fse06mmgma0; _frontendCSRF=343d1463c3abd2fe11fbf4f27e90468218fd5a005a3c2c22b361215d198b5aaaa%3A2%3A%7Bi%3A0%3Bs%3A13%3A%22_frontendCSRF%22%3Bi%3A1%3Bs%3A32%3A%22KlUKoRh7KvUycqDEgkBuK3uaZ-TufZIi%22%3B%7D'
    'PATH' => 'C:\\ProgramData\\Oracle\\Java\\javapath;C:\\Program Files (x86)\\Intel\\iCLS Client\\;C:\\Program Files\\Intel\\iCLS Client\\;C:\\WINDOWS\\system32;C:\\WINDOWS;C:\\WINDOWS\\System32\\Wbem;C:\\WINDOWS\\System32\\WindowsPowerShell\\v1.0\\;C:\\Program Files (x86)\\Intel\\Intel(R) Management Engine Components\\DAL;C:\\Program Files\\Intel\\Intel(R) Management Engine Components\\DAL;C:\\Program Files (x86)\\Intel\\Intel(R) Management Engine Components\\IPT;C:\\Program Files\\Intel\\Intel(R) Management Engine Components\\IPT;C:\\Program Files (x86)\\Windows Kits\\8.1\\Windows Performance Toolkit\\;C:\\Program Files\\Microsoft SQL Server\\110\\Tools\\Binn\\;C:\\Program Files (x86)\\GtkSharp\\2.12\\bin;C:\\Program Files\\Intel\\WiFi\\bin\\;C:\\Program Files\\Common Files\\Intel\\WirelessCommon\\;C:\\Program Files\\Git\\cmd;C:\\Program Files\\TortoiseSVN\\bin;C:\\xampp\\htdocs\\advanced;C:\\Program Files\\CloudFoundry;C:\\Program Files\\TortoiseGit\\bin;C:\\Users\\mlbel\\AppData\\Local\\Microsoft\\WindowsApps;'
    'SystemRoot' => 'C:\\WINDOWS'
    'COMSPEC' => 'C:\\WINDOWS\\system32\\cmd.exe'
    'PATHEXT' => '.COM;.EXE;.BAT;.CMD;.VBS;.VBE;.JS;.JSE;.WSF;.WSH;.MSC'
    'WINDIR' => 'C:\\WINDOWS'
    'SERVER_SIGNATURE' => '<address>Apache/2.4.17 (Win32) OpenSSL/1.0.2d PHP/5.6.14 Server at localhost Port 80</address>
'
    'SERVER_SOFTWARE' => 'Apache/2.4.17 (Win32) OpenSSL/1.0.2d PHP/5.6.14'
    'SERVER_NAME' => 'localhost'
    'SERVER_ADDR' => '::1'
    'SERVER_PORT' => '80'
    'REMOTE_ADDR' => '::1'
    'DOCUMENT_ROOT' => 'C:/xampp/htdocs'
    'REQUEST_SCHEME' => 'http'
    'CONTEXT_PREFIX' => ''
    'CONTEXT_DOCUMENT_ROOT' => 'C:/xampp/htdocs'
    'SERVER_ADMIN' => 'postmaster@localhost'
    'SCRIPT_FILENAME' => 'C:/xampp/htdocs/advanced/backend/web/index.php'
    'REMOTE_PORT' => '52248'
    'GATEWAY_INTERFACE' => 'CGI/1.1'
    'SERVER_PROTOCOL' => 'HTTP/1.1'
    'REQUEST_METHOD' => 'GET'
    'QUERY_STRING' => 'r=admin'
    'REQUEST_URI' => '/advanced/backend/web/index.php?r=admin'
    'SCRIPT_NAME' => '/advanced/backend/web/index.php'
    'PHP_SELF' => '/advanced/backend/web/index.php'
    'REQUEST_TIME_FLOAT' => 1479735684.884
    'REQUEST_TIME' => 1479735684
]
2016-11-21 15:01:17 [::1][-][-][error][yii\base\ViewNotFoundException] exception 'yii\base\ViewNotFoundException' with message 'The view file does not exist: C:\Users\mlbel\Desktop\Project---Reservation-System\Application\advanced\backend\views\admin\index.php' in C:\Users\mlbel\Desktop\Project---Reservation-System\Application\advanced\vendor\yiisoft\yii2\base\View.php:227
Stack trace:
#0 C:\Users\mlbel\Desktop\Project---Reservation-System\Application\advanced\vendor\yiisoft\yii2\base\View.php(150): yii\base\View->renderFile('C:\\Users\\mlbel\\...', Array, Object(backend\controllers\AdminController))
#1 C:\Users\mlbel\Desktop\Project---Reservation-System\Application\advanced\vendor\yiisoft\yii2\base\Controller.php(378): yii\base\View->render('index', Array, Object(backend\controllers\AdminController))
#2 C:\Users\mlbel\Desktop\Project---Reservation-System\Application\advanced\backend\controllers\AdminController.php(44): yii\base\Controller->render('index', Array)
#3 [internal function]: backend\controllers\AdminController->actionIndex()
#4 C:\Users\mlbel\Desktop\Project---Reservation-System\Application\advanced\vendor\yiisoft\yii2\base\InlineAction.php(55): call_user_func_array(Array, Array)
#5 C:\Users\mlbel\Desktop\Project---Reservation-System\Application\advanced\vendor\yiisoft\yii2\base\Controller.php(154): yii\base\InlineAction->runWithParams(Array)
#6 C:\Users\mlbel\Desktop\Project---Reservation-System\Application\advanced\vendor\yiisoft\yii2\base\Module.php(454): yii\base\Controller->runAction('', Array)
#7 C:\Users\mlbel\Desktop\Project---Reservation-System\Application\advanced\vendor\yiisoft\yii2\web\Application.php(100): yii\base\Module->runAction('admin', Array)
#8 C:\Users\mlbel\Desktop\Project---Reservation-System\Application\advanced\vendor\yiisoft\yii2\base\Application.php(375): yii\web\Application->handleRequest(Object(yii\web\Request))
#9 C:\Users\mlbel\Desktop\Project---Reservation-System\Application\advanced\backend\web\index.php(17): yii\base\Application->run()
#10 {main}
2016-11-21 15:01:17 [::1][-][-][info][application] $_GET = [
    'r' => 'admin'
]

$_COOKIE = [
    '_csrf-frontend' => '2824fe3d63878aeb0fc7d6dd16df9367c09a20e02528efa1d52a2b7d99ab0683a:2:{i:0;s:14:\"_csrf-frontend\";i:1;s:32:\"Nv1FC0dgilg3ZCybVxx9wftUAKvNVu5U\";}'
    '_csrf-backend' => '41dbd28b5e4f96b6540d841dc950b289c5dd15e66752aab7931b55b41c06eee6a:2:{i:0;s:13:\"_csrf-backend\";i:1;s:32:\"mXXjMM4JwmPNUO2ovl-JGCaCaswIlKnz\";}'
    'advanced-frontend' => 'i9fek8ota3fqgor303g9dlsfd3'
    'advanced-backend' => 'ojn1klnhqprhl5dlaueu8k70o6'
    'PHPFRONTSESSID' => 'vlala4smgep8051fse06mmgma0'
    '_frontendCSRF' => '343d1463c3abd2fe11fbf4f27e90468218fd5a005a3c2c22b361215d198b5aaaa:2:{i:0;s:13:\"_frontendCSRF\";i:1;s:32:\"KlUKoRh7KvUycqDEgkBuK3uaZ-TufZIi\";}'
]

$_SERVER = [
    'MIBDIRS' => 'C:/xampp/php/extras/mibs'
    'MYSQL_HOME' => '\\xampp\\mysql\\bin'
    'OPENSSL_CONF' => 'C:/xampp/apache/bin/openssl.cnf'
    'PHP_PEAR_SYSCONF_DIR' => '\\xampp\\php'
    'PHPRC' => '\\xampp\\php'
    'TMP' => '\\xampp\\tmp'
    'HTTP_HOST' => 'localhost'
    'HTTP_CONNECTION' => 'keep-alive'
    'HTTP_CACHE_CONTROL' => 'max-age=0'
    'HTTP_UPGRADE_INSECURE_REQUESTS' => '1'
    'HTTP_USER_AGENT' => 'Mozilla/5.0 (Windows NT 10.0; WOW64) AppleWebKit/537.36 (KHTML, like Gecko) Chrome/54.0.2840.99 Safari/537.36'
    'HTTP_ACCEPT' => 'text/html,application/xhtml+xml,application/xml;q=0.9,image/webp,*/*;q=0.8'
    'HTTP_ACCEPT_ENCODING' => 'gzip, deflate, sdch, br'
    'HTTP_ACCEPT_LANGUAGE' => 'en-US,en;q=0.8'
    'HTTP_COOKIE' => '_csrf-frontend=2824fe3d63878aeb0fc7d6dd16df9367c09a20e02528efa1d52a2b7d99ab0683a%3A2%3A%7Bi%3A0%3Bs%3A14%3A%22_csrf-frontend%22%3Bi%3A1%3Bs%3A32%3A%22Nv1FC0dgilg3ZCybVxx9wftUAKvNVu5U%22%3B%7D; _csrf-backend=41dbd28b5e4f96b6540d841dc950b289c5dd15e66752aab7931b55b41c06eee6a%3A2%3A%7Bi%3A0%3Bs%3A13%3A%22_csrf-backend%22%3Bi%3A1%3Bs%3A32%3A%22mXXjMM4JwmPNUO2ovl-JGCaCaswIlKnz%22%3B%7D; advanced-frontend=i9fek8ota3fqgor303g9dlsfd3; advanced-backend=ojn1klnhqprhl5dlaueu8k70o6; PHPFRONTSESSID=vlala4smgep8051fse06mmgma0; _frontendCSRF=343d1463c3abd2fe11fbf4f27e90468218fd5a005a3c2c22b361215d198b5aaaa%3A2%3A%7Bi%3A0%3Bs%3A13%3A%22_frontendCSRF%22%3Bi%3A1%3Bs%3A32%3A%22KlUKoRh7KvUycqDEgkBuK3uaZ-TufZIi%22%3B%7D'
    'PATH' => 'C:\\ProgramData\\Oracle\\Java\\javapath;C:\\Program Files (x86)\\Intel\\iCLS Client\\;C:\\Program Files\\Intel\\iCLS Client\\;C:\\WINDOWS\\system32;C:\\WINDOWS;C:\\WINDOWS\\System32\\Wbem;C:\\WINDOWS\\System32\\WindowsPowerShell\\v1.0\\;C:\\Program Files (x86)\\Intel\\Intel(R) Management Engine Components\\DAL;C:\\Program Files\\Intel\\Intel(R) Management Engine Components\\DAL;C:\\Program Files (x86)\\Intel\\Intel(R) Management Engine Components\\IPT;C:\\Program Files\\Intel\\Intel(R) Management Engine Components\\IPT;C:\\Program Files (x86)\\Windows Kits\\8.1\\Windows Performance Toolkit\\;C:\\Program Files\\Microsoft SQL Server\\110\\Tools\\Binn\\;C:\\Program Files (x86)\\GtkSharp\\2.12\\bin;C:\\Program Files\\Intel\\WiFi\\bin\\;C:\\Program Files\\Common Files\\Intel\\WirelessCommon\\;C:\\Program Files\\Git\\cmd;C:\\Program Files\\TortoiseSVN\\bin;C:\\xampp\\htdocs\\advanced;C:\\Program Files\\CloudFoundry;C:\\Program Files\\TortoiseGit\\bin;C:\\Users\\mlbel\\AppData\\Local\\Microsoft\\WindowsApps;'
    'SystemRoot' => 'C:\\WINDOWS'
    'COMSPEC' => 'C:\\WINDOWS\\system32\\cmd.exe'
    'PATHEXT' => '.COM;.EXE;.BAT;.CMD;.VBS;.VBE;.JS;.JSE;.WSF;.WSH;.MSC'
    'WINDIR' => 'C:\\WINDOWS'
    'SERVER_SIGNATURE' => '<address>Apache/2.4.17 (Win32) OpenSSL/1.0.2d PHP/5.6.14 Server at localhost Port 80</address>
'
    'SERVER_SOFTWARE' => 'Apache/2.4.17 (Win32) OpenSSL/1.0.2d PHP/5.6.14'
    'SERVER_NAME' => 'localhost'
    'SERVER_ADDR' => '::1'
    'SERVER_PORT' => '80'
    'REMOTE_ADDR' => '::1'
    'DOCUMENT_ROOT' => 'C:/xampp/htdocs'
    'REQUEST_SCHEME' => 'http'
    'CONTEXT_PREFIX' => ''
    'CONTEXT_DOCUMENT_ROOT' => 'C:/xampp/htdocs'
    'SERVER_ADMIN' => 'postmaster@localhost'
    'SCRIPT_FILENAME' => 'C:/xampp/htdocs/advanced/backend/web/index.php'
    'REMOTE_PORT' => '52441'
    'GATEWAY_INTERFACE' => 'CGI/1.1'
    'SERVER_PROTOCOL' => 'HTTP/1.1'
    'REQUEST_METHOD' => 'GET'
    'QUERY_STRING' => 'r=admin'
    'REQUEST_URI' => '/advanced/backend/web/index.php?r=admin'
    'SCRIPT_NAME' => '/advanced/backend/web/index.php'
    'PHP_SELF' => '/advanced/backend/web/index.php'
    'REQUEST_TIME_FLOAT' => 1479736877.78
    'REQUEST_TIME' => 1479736877
]
2016-11-21 15:01:19 [::1][-][-][error][yii\base\ViewNotFoundException] exception 'yii\base\ViewNotFoundException' with message 'The view file does not exist: C:\Users\mlbel\Desktop\Project---Reservation-System\Application\advanced\backend\views\admin\index.php' in C:\Users\mlbel\Desktop\Project---Reservation-System\Application\advanced\vendor\yiisoft\yii2\base\View.php:227
Stack trace:
#0 C:\Users\mlbel\Desktop\Project---Reservation-System\Application\advanced\vendor\yiisoft\yii2\base\View.php(150): yii\base\View->renderFile('C:\\Users\\mlbel\\...', Array, Object(backend\controllers\AdminController))
#1 C:\Users\mlbel\Desktop\Project---Reservation-System\Application\advanced\vendor\yiisoft\yii2\base\Controller.php(378): yii\base\View->render('index', Array, Object(backend\controllers\AdminController))
#2 C:\Users\mlbel\Desktop\Project---Reservation-System\Application\advanced\backend\controllers\AdminController.php(44): yii\base\Controller->render('index', Array)
#3 [internal function]: backend\controllers\AdminController->actionIndex()
#4 C:\Users\mlbel\Desktop\Project---Reservation-System\Application\advanced\vendor\yiisoft\yii2\base\InlineAction.php(55): call_user_func_array(Array, Array)
#5 C:\Users\mlbel\Desktop\Project---Reservation-System\Application\advanced\vendor\yiisoft\yii2\base\Controller.php(154): yii\base\InlineAction->runWithParams(Array)
#6 C:\Users\mlbel\Desktop\Project---Reservation-System\Application\advanced\vendor\yiisoft\yii2\base\Module.php(454): yii\base\Controller->runAction('', Array)
#7 C:\Users\mlbel\Desktop\Project---Reservation-System\Application\advanced\vendor\yiisoft\yii2\web\Application.php(100): yii\base\Module->runAction('admin', Array)
#8 C:\Users\mlbel\Desktop\Project---Reservation-System\Application\advanced\vendor\yiisoft\yii2\base\Application.php(375): yii\web\Application->handleRequest(Object(yii\web\Request))
#9 C:\Users\mlbel\Desktop\Project---Reservation-System\Application\advanced\backend\web\index.php(17): yii\base\Application->run()
#10 {main}
2016-11-21 15:01:19 [::1][-][-][info][application] $_GET = [
    'r' => 'admin'
]

$_COOKIE = [
    '_csrf-frontend' => '2824fe3d63878aeb0fc7d6dd16df9367c09a20e02528efa1d52a2b7d99ab0683a:2:{i:0;s:14:\"_csrf-frontend\";i:1;s:32:\"Nv1FC0dgilg3ZCybVxx9wftUAKvNVu5U\";}'
    '_csrf-backend' => '41dbd28b5e4f96b6540d841dc950b289c5dd15e66752aab7931b55b41c06eee6a:2:{i:0;s:13:\"_csrf-backend\";i:1;s:32:\"mXXjMM4JwmPNUO2ovl-JGCaCaswIlKnz\";}'
    'advanced-frontend' => 'i9fek8ota3fqgor303g9dlsfd3'
    'advanced-backend' => 'ojn1klnhqprhl5dlaueu8k70o6'
    'PHPFRONTSESSID' => 'vlala4smgep8051fse06mmgma0'
    '_frontendCSRF' => '343d1463c3abd2fe11fbf4f27e90468218fd5a005a3c2c22b361215d198b5aaaa:2:{i:0;s:13:\"_frontendCSRF\";i:1;s:32:\"KlUKoRh7KvUycqDEgkBuK3uaZ-TufZIi\";}'
]

$_SERVER = [
    'MIBDIRS' => 'C:/xampp/php/extras/mibs'
    'MYSQL_HOME' => '\\xampp\\mysql\\bin'
    'OPENSSL_CONF' => 'C:/xampp/apache/bin/openssl.cnf'
    'PHP_PEAR_SYSCONF_DIR' => '\\xampp\\php'
    'PHPRC' => '\\xampp\\php'
    'TMP' => '\\xampp\\tmp'
    'HTTP_HOST' => 'localhost'
    'HTTP_CONNECTION' => 'keep-alive'
    'HTTP_CACHE_CONTROL' => 'max-age=0'
    'HTTP_UPGRADE_INSECURE_REQUESTS' => '1'
    'HTTP_USER_AGENT' => 'Mozilla/5.0 (Windows NT 10.0; WOW64) AppleWebKit/537.36 (KHTML, like Gecko) Chrome/54.0.2840.99 Safari/537.36'
    'HTTP_ACCEPT' => 'text/html,application/xhtml+xml,application/xml;q=0.9,image/webp,*/*;q=0.8'
    'HTTP_ACCEPT_ENCODING' => 'gzip, deflate, sdch, br'
    'HTTP_ACCEPT_LANGUAGE' => 'en-US,en;q=0.8'
    'HTTP_COOKIE' => '_csrf-frontend=2824fe3d63878aeb0fc7d6dd16df9367c09a20e02528efa1d52a2b7d99ab0683a%3A2%3A%7Bi%3A0%3Bs%3A14%3A%22_csrf-frontend%22%3Bi%3A1%3Bs%3A32%3A%22Nv1FC0dgilg3ZCybVxx9wftUAKvNVu5U%22%3B%7D; _csrf-backend=41dbd28b5e4f96b6540d841dc950b289c5dd15e66752aab7931b55b41c06eee6a%3A2%3A%7Bi%3A0%3Bs%3A13%3A%22_csrf-backend%22%3Bi%3A1%3Bs%3A32%3A%22mXXjMM4JwmPNUO2ovl-JGCaCaswIlKnz%22%3B%7D; advanced-frontend=i9fek8ota3fqgor303g9dlsfd3; advanced-backend=ojn1klnhqprhl5dlaueu8k70o6; PHPFRONTSESSID=vlala4smgep8051fse06mmgma0; _frontendCSRF=343d1463c3abd2fe11fbf4f27e90468218fd5a005a3c2c22b361215d198b5aaaa%3A2%3A%7Bi%3A0%3Bs%3A13%3A%22_frontendCSRF%22%3Bi%3A1%3Bs%3A32%3A%22KlUKoRh7KvUycqDEgkBuK3uaZ-TufZIi%22%3B%7D'
    'PATH' => 'C:\\ProgramData\\Oracle\\Java\\javapath;C:\\Program Files (x86)\\Intel\\iCLS Client\\;C:\\Program Files\\Intel\\iCLS Client\\;C:\\WINDOWS\\system32;C:\\WINDOWS;C:\\WINDOWS\\System32\\Wbem;C:\\WINDOWS\\System32\\WindowsPowerShell\\v1.0\\;C:\\Program Files (x86)\\Intel\\Intel(R) Management Engine Components\\DAL;C:\\Program Files\\Intel\\Intel(R) Management Engine Components\\DAL;C:\\Program Files (x86)\\Intel\\Intel(R) Management Engine Components\\IPT;C:\\Program Files\\Intel\\Intel(R) Management Engine Components\\IPT;C:\\Program Files (x86)\\Windows Kits\\8.1\\Windows Performance Toolkit\\;C:\\Program Files\\Microsoft SQL Server\\110\\Tools\\Binn\\;C:\\Program Files (x86)\\GtkSharp\\2.12\\bin;C:\\Program Files\\Intel\\WiFi\\bin\\;C:\\Program Files\\Common Files\\Intel\\WirelessCommon\\;C:\\Program Files\\Git\\cmd;C:\\Program Files\\TortoiseSVN\\bin;C:\\xampp\\htdocs\\advanced;C:\\Program Files\\CloudFoundry;C:\\Program Files\\TortoiseGit\\bin;C:\\Users\\mlbel\\AppData\\Local\\Microsoft\\WindowsApps;'
    'SystemRoot' => 'C:\\WINDOWS'
    'COMSPEC' => 'C:\\WINDOWS\\system32\\cmd.exe'
    'PATHEXT' => '.COM;.EXE;.BAT;.CMD;.VBS;.VBE;.JS;.JSE;.WSF;.WSH;.MSC'
    'WINDIR' => 'C:\\WINDOWS'
    'SERVER_SIGNATURE' => '<address>Apache/2.4.17 (Win32) OpenSSL/1.0.2d PHP/5.6.14 Server at localhost Port 80</address>
'
    'SERVER_SOFTWARE' => 'Apache/2.4.17 (Win32) OpenSSL/1.0.2d PHP/5.6.14'
    'SERVER_NAME' => 'localhost'
    'SERVER_ADDR' => '::1'
    'SERVER_PORT' => '80'
    'REMOTE_ADDR' => '::1'
    'DOCUMENT_ROOT' => 'C:/xampp/htdocs'
    'REQUEST_SCHEME' => 'http'
    'CONTEXT_PREFIX' => ''
    'CONTEXT_DOCUMENT_ROOT' => 'C:/xampp/htdocs'
    'SERVER_ADMIN' => 'postmaster@localhost'
    'SCRIPT_FILENAME' => 'C:/xampp/htdocs/advanced/backend/web/index.php'
    'REMOTE_PORT' => '52442'
    'GATEWAY_INTERFACE' => 'CGI/1.1'
    'SERVER_PROTOCOL' => 'HTTP/1.1'
    'REQUEST_METHOD' => 'GET'
    'QUERY_STRING' => 'r=admin'
    'REQUEST_URI' => '/advanced/backend/web/index.php?r=admin'
    'SCRIPT_NAME' => '/advanced/backend/web/index.php'
    'PHP_SELF' => '/advanced/backend/web/index.php'
    'REQUEST_TIME_FLOAT' => 1479736879.475
    'REQUEST_TIME' => 1479736879
]
2016-11-21 15:08:30 [::1][-][-][error][yii\base\ViewNotFoundException] exception 'yii\base\ViewNotFoundException' with message 'The view file does not exist: C:\Users\mlbel\Desktop\Project---Reservation-System\Application\advanced\backend\views\admin\index.php' in C:\Users\mlbel\Desktop\Project---Reservation-System\Application\advanced\vendor\yiisoft\yii2\base\View.php:227
Stack trace:
#0 C:\Users\mlbel\Desktop\Project---Reservation-System\Application\advanced\vendor\yiisoft\yii2\base\View.php(150): yii\base\View->renderFile('C:\\Users\\mlbel\\...', Array, Object(backend\controllers\AdminController))
#1 C:\Users\mlbel\Desktop\Project---Reservation-System\Application\advanced\vendor\yiisoft\yii2\base\Controller.php(378): yii\base\View->render('index', Array, Object(backend\controllers\AdminController))
#2 C:\Users\mlbel\Desktop\Project---Reservation-System\Application\advanced\backend\controllers\AdminController.php(44): yii\base\Controller->render('index', Array)
#3 [internal function]: backend\controllers\AdminController->actionIndex()
#4 C:\Users\mlbel\Desktop\Project---Reservation-System\Application\advanced\vendor\yiisoft\yii2\base\InlineAction.php(55): call_user_func_array(Array, Array)
#5 C:\Users\mlbel\Desktop\Project---Reservation-System\Application\advanced\vendor\yiisoft\yii2\base\Controller.php(154): yii\base\InlineAction->runWithParams(Array)
#6 C:\Users\mlbel\Desktop\Project---Reservation-System\Application\advanced\vendor\yiisoft\yii2\base\Module.php(454): yii\base\Controller->runAction('', Array)
#7 C:\Users\mlbel\Desktop\Project---Reservation-System\Application\advanced\vendor\yiisoft\yii2\web\Application.php(100): yii\base\Module->runAction('admin', Array)
#8 C:\Users\mlbel\Desktop\Project---Reservation-System\Application\advanced\vendor\yiisoft\yii2\base\Application.php(375): yii\web\Application->handleRequest(Object(yii\web\Request))
#9 C:\Users\mlbel\Desktop\Project---Reservation-System\Application\advanced\backend\web\index.php(17): yii\base\Application->run()
#10 {main}
2016-11-21 15:08:30 [::1][-][-][info][application] $_GET = [
    'r' => 'admin'
]

$_COOKIE = [
    '_csrf-frontend' => '2824fe3d63878aeb0fc7d6dd16df9367c09a20e02528efa1d52a2b7d99ab0683a:2:{i:0;s:14:\"_csrf-frontend\";i:1;s:32:\"Nv1FC0dgilg3ZCybVxx9wftUAKvNVu5U\";}'
    '_csrf-backend' => '41dbd28b5e4f96b6540d841dc950b289c5dd15e66752aab7931b55b41c06eee6a:2:{i:0;s:13:\"_csrf-backend\";i:1;s:32:\"mXXjMM4JwmPNUO2ovl-JGCaCaswIlKnz\";}'
    'advanced-frontend' => 'i9fek8ota3fqgor303g9dlsfd3'
    'advanced-backend' => 'ojn1klnhqprhl5dlaueu8k70o6'
    'PHPFRONTSESSID' => 'vlala4smgep8051fse06mmgma0'
    '_frontendCSRF' => '343d1463c3abd2fe11fbf4f27e90468218fd5a005a3c2c22b361215d198b5aaaa:2:{i:0;s:13:\"_frontendCSRF\";i:1;s:32:\"KlUKoRh7KvUycqDEgkBuK3uaZ-TufZIi\";}'
]

$_SERVER = [
    'MIBDIRS' => 'C:/xampp/php/extras/mibs'
    'MYSQL_HOME' => '\\xampp\\mysql\\bin'
    'OPENSSL_CONF' => 'C:/xampp/apache/bin/openssl.cnf'
    'PHP_PEAR_SYSCONF_DIR' => '\\xampp\\php'
    'PHPRC' => '\\xampp\\php'
    'TMP' => '\\xampp\\tmp'
    'HTTP_HOST' => 'localhost'
    'HTTP_CONNECTION' => 'keep-alive'
    'HTTP_CACHE_CONTROL' => 'max-age=0'
    'HTTP_UPGRADE_INSECURE_REQUESTS' => '1'
    'HTTP_USER_AGENT' => 'Mozilla/5.0 (Windows NT 10.0; WOW64) AppleWebKit/537.36 (KHTML, like Gecko) Chrome/54.0.2840.99 Safari/537.36'
    'HTTP_ACCEPT' => 'text/html,application/xhtml+xml,application/xml;q=0.9,image/webp,*/*;q=0.8'
    'HTTP_ACCEPT_ENCODING' => 'gzip, deflate, sdch, br'
    'HTTP_ACCEPT_LANGUAGE' => 'en-US,en;q=0.8'
    'HTTP_COOKIE' => '_csrf-frontend=2824fe3d63878aeb0fc7d6dd16df9367c09a20e02528efa1d52a2b7d99ab0683a%3A2%3A%7Bi%3A0%3Bs%3A14%3A%22_csrf-frontend%22%3Bi%3A1%3Bs%3A32%3A%22Nv1FC0dgilg3ZCybVxx9wftUAKvNVu5U%22%3B%7D; _csrf-backend=41dbd28b5e4f96b6540d841dc950b289c5dd15e66752aab7931b55b41c06eee6a%3A2%3A%7Bi%3A0%3Bs%3A13%3A%22_csrf-backend%22%3Bi%3A1%3Bs%3A32%3A%22mXXjMM4JwmPNUO2ovl-JGCaCaswIlKnz%22%3B%7D; advanced-frontend=i9fek8ota3fqgor303g9dlsfd3; advanced-backend=ojn1klnhqprhl5dlaueu8k70o6; PHPFRONTSESSID=vlala4smgep8051fse06mmgma0; _frontendCSRF=343d1463c3abd2fe11fbf4f27e90468218fd5a005a3c2c22b361215d198b5aaaa%3A2%3A%7Bi%3A0%3Bs%3A13%3A%22_frontendCSRF%22%3Bi%3A1%3Bs%3A32%3A%22KlUKoRh7KvUycqDEgkBuK3uaZ-TufZIi%22%3B%7D'
    'PATH' => 'C:\\ProgramData\\Oracle\\Java\\javapath;C:\\Program Files (x86)\\Intel\\iCLS Client\\;C:\\Program Files\\Intel\\iCLS Client\\;C:\\WINDOWS\\system32;C:\\WINDOWS;C:\\WINDOWS\\System32\\Wbem;C:\\WINDOWS\\System32\\WindowsPowerShell\\v1.0\\;C:\\Program Files (x86)\\Intel\\Intel(R) Management Engine Components\\DAL;C:\\Program Files\\Intel\\Intel(R) Management Engine Components\\DAL;C:\\Program Files (x86)\\Intel\\Intel(R) Management Engine Components\\IPT;C:\\Program Files\\Intel\\Intel(R) Management Engine Components\\IPT;C:\\Program Files (x86)\\Windows Kits\\8.1\\Windows Performance Toolkit\\;C:\\Program Files\\Microsoft SQL Server\\110\\Tools\\Binn\\;C:\\Program Files (x86)\\GtkSharp\\2.12\\bin;C:\\Program Files\\Intel\\WiFi\\bin\\;C:\\Program Files\\Common Files\\Intel\\WirelessCommon\\;C:\\Program Files\\Git\\cmd;C:\\Program Files\\TortoiseSVN\\bin;C:\\xampp\\htdocs\\advanced;C:\\Program Files\\CloudFoundry;C:\\Program Files\\TortoiseGit\\bin;C:\\Users\\mlbel\\AppData\\Local\\Microsoft\\WindowsApps;'
    'SystemRoot' => 'C:\\WINDOWS'
    'COMSPEC' => 'C:\\WINDOWS\\system32\\cmd.exe'
    'PATHEXT' => '.COM;.EXE;.BAT;.CMD;.VBS;.VBE;.JS;.JSE;.WSF;.WSH;.MSC'
    'WINDIR' => 'C:\\WINDOWS'
    'SERVER_SIGNATURE' => '<address>Apache/2.4.17 (Win32) OpenSSL/1.0.2d PHP/5.6.14 Server at localhost Port 80</address>
'
    'SERVER_SOFTWARE' => 'Apache/2.4.17 (Win32) OpenSSL/1.0.2d PHP/5.6.14'
    'SERVER_NAME' => 'localhost'
    'SERVER_ADDR' => '::1'
    'SERVER_PORT' => '80'
    'REMOTE_ADDR' => '::1'
    'DOCUMENT_ROOT' => 'C:/xampp/htdocs'
    'REQUEST_SCHEME' => 'http'
    'CONTEXT_PREFIX' => ''
    'CONTEXT_DOCUMENT_ROOT' => 'C:/xampp/htdocs'
    'SERVER_ADMIN' => 'postmaster@localhost'
    'SCRIPT_FILENAME' => 'C:/xampp/htdocs/advanced/backend/web/index.php'
    'REMOTE_PORT' => '52481'
    'GATEWAY_INTERFACE' => 'CGI/1.1'
    'SERVER_PROTOCOL' => 'HTTP/1.1'
    'REQUEST_METHOD' => 'GET'
    'QUERY_STRING' => 'r=admin'
    'REQUEST_URI' => '/advanced/backend/web/index.php?r=admin'
    'SCRIPT_NAME' => '/advanced/backend/web/index.php'
    'PHP_SELF' => '/advanced/backend/web/index.php'
    'REQUEST_TIME_FLOAT' => 1479737310.736
    'REQUEST_TIME' => 1479737310
]
2016-11-21 15:08:32 [::1][-][-][error][yii\base\ViewNotFoundException] exception 'yii\base\ViewNotFoundException' with message 'The view file does not exist: C:\Users\mlbel\Desktop\Project---Reservation-System\Application\advanced\backend\views\admin\index.php' in C:\Users\mlbel\Desktop\Project---Reservation-System\Application\advanced\vendor\yiisoft\yii2\base\View.php:227
Stack trace:
#0 C:\Users\mlbel\Desktop\Project---Reservation-System\Application\advanced\vendor\yiisoft\yii2\base\View.php(150): yii\base\View->renderFile('C:\\Users\\mlbel\\...', Array, Object(backend\controllers\AdminController))
#1 C:\Users\mlbel\Desktop\Project---Reservation-System\Application\advanced\vendor\yiisoft\yii2\base\Controller.php(378): yii\base\View->render('index', Array, Object(backend\controllers\AdminController))
#2 C:\Users\mlbel\Desktop\Project---Reservation-System\Application\advanced\backend\controllers\AdminController.php(44): yii\base\Controller->render('index', Array)
#3 [internal function]: backend\controllers\AdminController->actionIndex()
#4 C:\Users\mlbel\Desktop\Project---Reservation-System\Application\advanced\vendor\yiisoft\yii2\base\InlineAction.php(55): call_user_func_array(Array, Array)
#5 C:\Users\mlbel\Desktop\Project---Reservation-System\Application\advanced\vendor\yiisoft\yii2\base\Controller.php(154): yii\base\InlineAction->runWithParams(Array)
#6 C:\Users\mlbel\Desktop\Project---Reservation-System\Application\advanced\vendor\yiisoft\yii2\base\Module.php(454): yii\base\Controller->runAction('', Array)
#7 C:\Users\mlbel\Desktop\Project---Reservation-System\Application\advanced\vendor\yiisoft\yii2\web\Application.php(100): yii\base\Module->runAction('admin', Array)
#8 C:\Users\mlbel\Desktop\Project---Reservation-System\Application\advanced\vendor\yiisoft\yii2\base\Application.php(375): yii\web\Application->handleRequest(Object(yii\web\Request))
#9 C:\Users\mlbel\Desktop\Project---Reservation-System\Application\advanced\backend\web\index.php(17): yii\base\Application->run()
#10 {main}
2016-11-21 15:08:32 [::1][-][-][info][application] $_GET = [
    'r' => 'admin'
]

$_COOKIE = [
    '_csrf-frontend' => '2824fe3d63878aeb0fc7d6dd16df9367c09a20e02528efa1d52a2b7d99ab0683a:2:{i:0;s:14:\"_csrf-frontend\";i:1;s:32:\"Nv1FC0dgilg3ZCybVxx9wftUAKvNVu5U\";}'
    '_csrf-backend' => '41dbd28b5e4f96b6540d841dc950b289c5dd15e66752aab7931b55b41c06eee6a:2:{i:0;s:13:\"_csrf-backend\";i:1;s:32:\"mXXjMM4JwmPNUO2ovl-JGCaCaswIlKnz\";}'
    'advanced-frontend' => 'i9fek8ota3fqgor303g9dlsfd3'
    'advanced-backend' => 'ojn1klnhqprhl5dlaueu8k70o6'
    'PHPFRONTSESSID' => 'vlala4smgep8051fse06mmgma0'
    '_frontendCSRF' => '343d1463c3abd2fe11fbf4f27e90468218fd5a005a3c2c22b361215d198b5aaaa:2:{i:0;s:13:\"_frontendCSRF\";i:1;s:32:\"KlUKoRh7KvUycqDEgkBuK3uaZ-TufZIi\";}'
]

$_SERVER = [
    'MIBDIRS' => 'C:/xampp/php/extras/mibs'
    'MYSQL_HOME' => '\\xampp\\mysql\\bin'
    'OPENSSL_CONF' => 'C:/xampp/apache/bin/openssl.cnf'
    'PHP_PEAR_SYSCONF_DIR' => '\\xampp\\php'
    'PHPRC' => '\\xampp\\php'
    'TMP' => '\\xampp\\tmp'
    'HTTP_HOST' => 'localhost'
    'HTTP_CONNECTION' => 'keep-alive'
    'HTTP_CACHE_CONTROL' => 'max-age=0'
    'HTTP_UPGRADE_INSECURE_REQUESTS' => '1'
    'HTTP_USER_AGENT' => 'Mozilla/5.0 (Windows NT 10.0; WOW64) AppleWebKit/537.36 (KHTML, like Gecko) Chrome/54.0.2840.99 Safari/537.36'
    'HTTP_ACCEPT' => 'text/html,application/xhtml+xml,application/xml;q=0.9,image/webp,*/*;q=0.8'
    'HTTP_ACCEPT_ENCODING' => 'gzip, deflate, sdch, br'
    'HTTP_ACCEPT_LANGUAGE' => 'en-US,en;q=0.8'
    'HTTP_COOKIE' => '_csrf-frontend=2824fe3d63878aeb0fc7d6dd16df9367c09a20e02528efa1d52a2b7d99ab0683a%3A2%3A%7Bi%3A0%3Bs%3A14%3A%22_csrf-frontend%22%3Bi%3A1%3Bs%3A32%3A%22Nv1FC0dgilg3ZCybVxx9wftUAKvNVu5U%22%3B%7D; _csrf-backend=41dbd28b5e4f96b6540d841dc950b289c5dd15e66752aab7931b55b41c06eee6a%3A2%3A%7Bi%3A0%3Bs%3A13%3A%22_csrf-backend%22%3Bi%3A1%3Bs%3A32%3A%22mXXjMM4JwmPNUO2ovl-JGCaCaswIlKnz%22%3B%7D; advanced-frontend=i9fek8ota3fqgor303g9dlsfd3; advanced-backend=ojn1klnhqprhl5dlaueu8k70o6; PHPFRONTSESSID=vlala4smgep8051fse06mmgma0; _frontendCSRF=343d1463c3abd2fe11fbf4f27e90468218fd5a005a3c2c22b361215d198b5aaaa%3A2%3A%7Bi%3A0%3Bs%3A13%3A%22_frontendCSRF%22%3Bi%3A1%3Bs%3A32%3A%22KlUKoRh7KvUycqDEgkBuK3uaZ-TufZIi%22%3B%7D'
    'PATH' => 'C:\\ProgramData\\Oracle\\Java\\javapath;C:\\Program Files (x86)\\Intel\\iCLS Client\\;C:\\Program Files\\Intel\\iCLS Client\\;C:\\WINDOWS\\system32;C:\\WINDOWS;C:\\WINDOWS\\System32\\Wbem;C:\\WINDOWS\\System32\\WindowsPowerShell\\v1.0\\;C:\\Program Files (x86)\\Intel\\Intel(R) Management Engine Components\\DAL;C:\\Program Files\\Intel\\Intel(R) Management Engine Components\\DAL;C:\\Program Files (x86)\\Intel\\Intel(R) Management Engine Components\\IPT;C:\\Program Files\\Intel\\Intel(R) Management Engine Components\\IPT;C:\\Program Files (x86)\\Windows Kits\\8.1\\Windows Performance Toolkit\\;C:\\Program Files\\Microsoft SQL Server\\110\\Tools\\Binn\\;C:\\Program Files (x86)\\GtkSharp\\2.12\\bin;C:\\Program Files\\Intel\\WiFi\\bin\\;C:\\Program Files\\Common Files\\Intel\\WirelessCommon\\;C:\\Program Files\\Git\\cmd;C:\\Program Files\\TortoiseSVN\\bin;C:\\xampp\\htdocs\\advanced;C:\\Program Files\\CloudFoundry;C:\\Program Files\\TortoiseGit\\bin;C:\\Users\\mlbel\\AppData\\Local\\Microsoft\\WindowsApps;'
    'SystemRoot' => 'C:\\WINDOWS'
    'COMSPEC' => 'C:\\WINDOWS\\system32\\cmd.exe'
    'PATHEXT' => '.COM;.EXE;.BAT;.CMD;.VBS;.VBE;.JS;.JSE;.WSF;.WSH;.MSC'
    'WINDIR' => 'C:\\WINDOWS'
    'SERVER_SIGNATURE' => '<address>Apache/2.4.17 (Win32) OpenSSL/1.0.2d PHP/5.6.14 Server at localhost Port 80</address>
'
    'SERVER_SOFTWARE' => 'Apache/2.4.17 (Win32) OpenSSL/1.0.2d PHP/5.6.14'
    'SERVER_NAME' => 'localhost'
    'SERVER_ADDR' => '::1'
    'SERVER_PORT' => '80'
    'REMOTE_ADDR' => '::1'
    'DOCUMENT_ROOT' => 'C:/xampp/htdocs'
    'REQUEST_SCHEME' => 'http'
    'CONTEXT_PREFIX' => ''
    'CONTEXT_DOCUMENT_ROOT' => 'C:/xampp/htdocs'
    'SERVER_ADMIN' => 'postmaster@localhost'
    'SCRIPT_FILENAME' => 'C:/xampp/htdocs/advanced/backend/web/index.php'
    'REMOTE_PORT' => '52482'
    'GATEWAY_INTERFACE' => 'CGI/1.1'
    'SERVER_PROTOCOL' => 'HTTP/1.1'
    'REQUEST_METHOD' => 'GET'
    'QUERY_STRING' => 'r=admin'
    'REQUEST_URI' => '/advanced/backend/web/index.php?r=admin'
    'SCRIPT_NAME' => '/advanced/backend/web/index.php'
    'PHP_SELF' => '/advanced/backend/web/index.php'
    'REQUEST_TIME_FLOAT' => 1479737312.526
    'REQUEST_TIME' => 1479737312
]
2016-11-21 17:12:36 [::1][-][-][error][yii\base\ViewNotFoundException] exception 'yii\base\ViewNotFoundException' with message 'The view file does not exist: C:\Users\mlbel\Desktop\Project---Reservation-System\Application\advanced\backend\views\admin\index.php' in C:\Users\mlbel\Desktop\Project---Reservation-System\Application\advanced\vendor\yiisoft\yii2\base\View.php:227
Stack trace:
#0 C:\Users\mlbel\Desktop\Project---Reservation-System\Application\advanced\vendor\yiisoft\yii2\base\View.php(150): yii\base\View->renderFile('C:\\Users\\mlbel\\...', Array, Object(backend\controllers\AdminController))
#1 C:\Users\mlbel\Desktop\Project---Reservation-System\Application\advanced\vendor\yiisoft\yii2\base\Controller.php(378): yii\base\View->render('index', Array, Object(backend\controllers\AdminController))
#2 C:\Users\mlbel\Desktop\Project---Reservation-System\Application\advanced\backend\controllers\AdminController.php(44): yii\base\Controller->render('index', Array)
#3 [internal function]: backend\controllers\AdminController->actionIndex()
#4 C:\Users\mlbel\Desktop\Project---Reservation-System\Application\advanced\vendor\yiisoft\yii2\base\InlineAction.php(55): call_user_func_array(Array, Array)
#5 C:\Users\mlbel\Desktop\Project---Reservation-System\Application\advanced\vendor\yiisoft\yii2\base\Controller.php(154): yii\base\InlineAction->runWithParams(Array)
#6 C:\Users\mlbel\Desktop\Project---Reservation-System\Application\advanced\vendor\yiisoft\yii2\base\Module.php(454): yii\base\Controller->runAction('', Array)
#7 C:\Users\mlbel\Desktop\Project---Reservation-System\Application\advanced\vendor\yiisoft\yii2\web\Application.php(100): yii\base\Module->runAction('admin', Array)
#8 C:\Users\mlbel\Desktop\Project---Reservation-System\Application\advanced\vendor\yiisoft\yii2\base\Application.php(375): yii\web\Application->handleRequest(Object(yii\web\Request))
#9 C:\Users\mlbel\Desktop\Project---Reservation-System\Application\advanced\backend\web\index.php(17): yii\base\Application->run()
#10 {main}
2016-11-21 17:12:36 [::1][-][-][info][application] $_GET = [
    'r' => 'admin'
]

$_COOKIE = [
    'PHPFRONTSESSID' => 'm3s3qku4bvha8mai6l09qvi507'
    '_frontendCSRF' => '675a00beba99ea82727ad1ac44980b5c99d1f83ee94d8e48342bd4b753de3dc4a:2:{i:0;s:13:\"_frontendCSRF\";i:1;s:32:\"QT3pFiMulnJ7iGm4qRKxQIGU9gh1CImw\";}'
]

$_SERVER = [
    'MIBDIRS' => 'C:/xampp/php/extras/mibs'
    'MYSQL_HOME' => '\\xampp\\mysql\\bin'
    'OPENSSL_CONF' => 'C:/xampp/apache/bin/openssl.cnf'
    'PHP_PEAR_SYSCONF_DIR' => '\\xampp\\php'
    'PHPRC' => '\\xampp\\php'
    'TMP' => '\\xampp\\tmp'
    'HTTP_HOST' => 'localhost'
    'HTTP_CONNECTION' => 'keep-alive'
    'HTTP_UPGRADE_INSECURE_REQUESTS' => '1'
    'HTTP_USER_AGENT' => 'Mozilla/5.0 (Windows NT 10.0; WOW64) AppleWebKit/537.36 (KHTML, like Gecko) Chrome/54.0.2840.99 Safari/537.36'
    'HTTP_ACCEPT' => 'text/html,application/xhtml+xml,application/xml;q=0.9,image/webp,*/*;q=0.8'
    'HTTP_ACCEPT_ENCODING' => 'gzip, deflate, sdch, br'
    'HTTP_ACCEPT_LANGUAGE' => 'en-US,en;q=0.8'
    'HTTP_COOKIE' => 'PHPFRONTSESSID=m3s3qku4bvha8mai6l09qvi507; _frontendCSRF=675a00beba99ea82727ad1ac44980b5c99d1f83ee94d8e48342bd4b753de3dc4a%3A2%3A%7Bi%3A0%3Bs%3A13%3A%22_frontendCSRF%22%3Bi%3A1%3Bs%3A32%3A%22QT3pFiMulnJ7iGm4qRKxQIGU9gh1CImw%22%3B%7D'
    'PATH' => 'C:\\ProgramData\\Oracle\\Java\\javapath;C:\\Program Files (x86)\\Intel\\iCLS Client\\;C:\\Program Files\\Intel\\iCLS Client\\;C:\\WINDOWS\\system32;C:\\WINDOWS;C:\\WINDOWS\\System32\\Wbem;C:\\WINDOWS\\System32\\WindowsPowerShell\\v1.0\\;C:\\Program Files (x86)\\Intel\\Intel(R) Management Engine Components\\DAL;C:\\Program Files\\Intel\\Intel(R) Management Engine Components\\DAL;C:\\Program Files (x86)\\Intel\\Intel(R) Management Engine Components\\IPT;C:\\Program Files\\Intel\\Intel(R) Management Engine Components\\IPT;C:\\Program Files (x86)\\Windows Kits\\8.1\\Windows Performance Toolkit\\;C:\\Program Files\\Microsoft SQL Server\\110\\Tools\\Binn\\;C:\\Program Files (x86)\\GtkSharp\\2.12\\bin;C:\\Program Files\\Intel\\WiFi\\bin\\;C:\\Program Files\\Common Files\\Intel\\WirelessCommon\\;C:\\Program Files\\Git\\cmd;C:\\Program Files\\TortoiseSVN\\bin;C:\\xampp\\htdocs\\advanced;C:\\Program Files\\CloudFoundry;C:\\Program Files\\TortoiseGit\\bin;C:\\Users\\mlbel\\AppData\\Local\\Microsoft\\WindowsApps;'
    'SystemRoot' => 'C:\\WINDOWS'
    'COMSPEC' => 'C:\\WINDOWS\\system32\\cmd.exe'
    'PATHEXT' => '.COM;.EXE;.BAT;.CMD;.VBS;.VBE;.JS;.JSE;.WSF;.WSH;.MSC'
    'WINDIR' => 'C:\\WINDOWS'
    'SERVER_SIGNATURE' => '<address>Apache/2.4.17 (Win32) OpenSSL/1.0.2d PHP/5.6.14 Server at localhost Port 80</address>
'
    'SERVER_SOFTWARE' => 'Apache/2.4.17 (Win32) OpenSSL/1.0.2d PHP/5.6.14'
    'SERVER_NAME' => 'localhost'
    'SERVER_ADDR' => '::1'
    'SERVER_PORT' => '80'
    'REMOTE_ADDR' => '::1'
    'DOCUMENT_ROOT' => 'C:/xampp/htdocs'
    'REQUEST_SCHEME' => 'http'
    'CONTEXT_PREFIX' => ''
    'CONTEXT_DOCUMENT_ROOT' => 'C:/xampp/htdocs'
    'SERVER_ADMIN' => 'postmaster@localhost'
    'SCRIPT_FILENAME' => 'C:/xampp/htdocs/advanced/backend/web/index.php'
    'REMOTE_PORT' => '50965'
    'GATEWAY_INTERFACE' => 'CGI/1.1'
    'SERVER_PROTOCOL' => 'HTTP/1.1'
    'REQUEST_METHOD' => 'GET'
    'QUERY_STRING' => 'r=admin'
    'REQUEST_URI' => '/advanced/backend/web/index.php?r=admin'
    'SCRIPT_NAME' => '/advanced/backend/web/index.php'
    'PHP_SELF' => '/advanced/backend/web/index.php'
    'REQUEST_TIME_FLOAT' => 1479744756.352
    'REQUEST_TIME' => 1479744756
]
2016-11-21 17:12:36 [::1][-][-][error][yii\base\ViewNotFoundException] exception 'yii\base\ViewNotFoundException' with message 'The view file does not exist: C:\Users\mlbel\Desktop\Project---Reservation-System\Application\advanced\backend\views\admin\index.php' in C:\Users\mlbel\Desktop\Project---Reservation-System\Application\advanced\vendor\yiisoft\yii2\base\View.php:227
Stack trace:
#0 C:\Users\mlbel\Desktop\Project---Reservation-System\Application\advanced\vendor\yiisoft\yii2\base\View.php(150): yii\base\View->renderFile('C:\\Users\\mlbel\\...', Array, Object(backend\controllers\AdminController))
#1 C:\Users\mlbel\Desktop\Project---Reservation-System\Application\advanced\vendor\yiisoft\yii2\base\Controller.php(378): yii\base\View->render('index', Array, Object(backend\controllers\AdminController))
#2 C:\Users\mlbel\Desktop\Project---Reservation-System\Application\advanced\backend\controllers\AdminController.php(44): yii\base\Controller->render('index', Array)
#3 [internal function]: backend\controllers\AdminController->actionIndex()
#4 C:\Users\mlbel\Desktop\Project---Reservation-System\Application\advanced\vendor\yiisoft\yii2\base\InlineAction.php(55): call_user_func_array(Array, Array)
#5 C:\Users\mlbel\Desktop\Project---Reservation-System\Application\advanced\vendor\yiisoft\yii2\base\Controller.php(154): yii\base\InlineAction->runWithParams(Array)
#6 C:\Users\mlbel\Desktop\Project---Reservation-System\Application\advanced\vendor\yiisoft\yii2\base\Module.php(454): yii\base\Controller->runAction('', Array)
#7 C:\Users\mlbel\Desktop\Project---Reservation-System\Application\advanced\vendor\yiisoft\yii2\web\Application.php(100): yii\base\Module->runAction('admin', Array)
#8 C:\Users\mlbel\Desktop\Project---Reservation-System\Application\advanced\vendor\yiisoft\yii2\base\Application.php(375): yii\web\Application->handleRequest(Object(yii\web\Request))
#9 C:\Users\mlbel\Desktop\Project---Reservation-System\Application\advanced\backend\web\index.php(17): yii\base\Application->run()
#10 {main}
2016-11-21 17:12:36 [::1][-][-][info][application] $_GET = [
    'r' => 'admin'
]

$_COOKIE = [
    'PHPFRONTSESSID' => 'm3s3qku4bvha8mai6l09qvi507'
    '_frontendCSRF' => '675a00beba99ea82727ad1ac44980b5c99d1f83ee94d8e48342bd4b753de3dc4a:2:{i:0;s:13:\"_frontendCSRF\";i:1;s:32:\"QT3pFiMulnJ7iGm4qRKxQIGU9gh1CImw\";}'
]

$_SERVER = [
    'MIBDIRS' => 'C:/xampp/php/extras/mibs'
    'MYSQL_HOME' => '\\xampp\\mysql\\bin'
    'OPENSSL_CONF' => 'C:/xampp/apache/bin/openssl.cnf'
    'PHP_PEAR_SYSCONF_DIR' => '\\xampp\\php'
    'PHPRC' => '\\xampp\\php'
    'TMP' => '\\xampp\\tmp'
    'HTTP_HOST' => 'localhost'
    'HTTP_CONNECTION' => 'keep-alive'
    'HTTP_UPGRADE_INSECURE_REQUESTS' => '1'
    'HTTP_USER_AGENT' => 'Mozilla/5.0 (Windows NT 10.0; WOW64) AppleWebKit/537.36 (KHTML, like Gecko) Chrome/54.0.2840.99 Safari/537.36'
    'HTTP_ACCEPT' => 'text/html,application/xhtml+xml,application/xml;q=0.9,image/webp,*/*;q=0.8'
    'HTTP_ACCEPT_ENCODING' => 'gzip, deflate, sdch, br'
    'HTTP_ACCEPT_LANGUAGE' => 'en-US,en;q=0.8'
    'HTTP_COOKIE' => 'PHPFRONTSESSID=m3s3qku4bvha8mai6l09qvi507; _frontendCSRF=675a00beba99ea82727ad1ac44980b5c99d1f83ee94d8e48342bd4b753de3dc4a%3A2%3A%7Bi%3A0%3Bs%3A13%3A%22_frontendCSRF%22%3Bi%3A1%3Bs%3A32%3A%22QT3pFiMulnJ7iGm4qRKxQIGU9gh1CImw%22%3B%7D'
    'PATH' => 'C:\\ProgramData\\Oracle\\Java\\javapath;C:\\Program Files (x86)\\Intel\\iCLS Client\\;C:\\Program Files\\Intel\\iCLS Client\\;C:\\WINDOWS\\system32;C:\\WINDOWS;C:\\WINDOWS\\System32\\Wbem;C:\\WINDOWS\\System32\\WindowsPowerShell\\v1.0\\;C:\\Program Files (x86)\\Intel\\Intel(R) Management Engine Components\\DAL;C:\\Program Files\\Intel\\Intel(R) Management Engine Components\\DAL;C:\\Program Files (x86)\\Intel\\Intel(R) Management Engine Components\\IPT;C:\\Program Files\\Intel\\Intel(R) Management Engine Components\\IPT;C:\\Program Files (x86)\\Windows Kits\\8.1\\Windows Performance Toolkit\\;C:\\Program Files\\Microsoft SQL Server\\110\\Tools\\Binn\\;C:\\Program Files (x86)\\GtkSharp\\2.12\\bin;C:\\Program Files\\Intel\\WiFi\\bin\\;C:\\Program Files\\Common Files\\Intel\\WirelessCommon\\;C:\\Program Files\\Git\\cmd;C:\\Program Files\\TortoiseSVN\\bin;C:\\xampp\\htdocs\\advanced;C:\\Program Files\\CloudFoundry;C:\\Program Files\\TortoiseGit\\bin;C:\\Users\\mlbel\\AppData\\Local\\Microsoft\\WindowsApps;'
    'SystemRoot' => 'C:\\WINDOWS'
    'COMSPEC' => 'C:\\WINDOWS\\system32\\cmd.exe'
    'PATHEXT' => '.COM;.EXE;.BAT;.CMD;.VBS;.VBE;.JS;.JSE;.WSF;.WSH;.MSC'
    'WINDIR' => 'C:\\WINDOWS'
    'SERVER_SIGNATURE' => '<address>Apache/2.4.17 (Win32) OpenSSL/1.0.2d PHP/5.6.14 Server at localhost Port 80</address>
'
    'SERVER_SOFTWARE' => 'Apache/2.4.17 (Win32) OpenSSL/1.0.2d PHP/5.6.14'
    'SERVER_NAME' => 'localhost'
    'SERVER_ADDR' => '::1'
    'SERVER_PORT' => '80'
    'REMOTE_ADDR' => '::1'
    'DOCUMENT_ROOT' => 'C:/xampp/htdocs'
    'REQUEST_SCHEME' => 'http'
    'CONTEXT_PREFIX' => ''
    'CONTEXT_DOCUMENT_ROOT' => 'C:/xampp/htdocs'
    'SERVER_ADMIN' => 'postmaster@localhost'
    'SCRIPT_FILENAME' => 'C:/xampp/htdocs/advanced/backend/web/index.php'
    'REMOTE_PORT' => '50966'
    'GATEWAY_INTERFACE' => 'CGI/1.1'
    'SERVER_PROTOCOL' => 'HTTP/1.1'
    'REQUEST_METHOD' => 'GET'
    'QUERY_STRING' => 'r=admin'
    'REQUEST_URI' => '/advanced/backend/web/index.php?r=admin'
    'SCRIPT_NAME' => '/advanced/backend/web/index.php'
    'PHP_SELF' => '/advanced/backend/web/index.php'
    'REQUEST_TIME_FLOAT' => 1479744756.479
    'REQUEST_TIME' => 1479744756
]
2016-11-22 02:20:56 [::1][-][-][error][yii\base\ViewNotFoundException] exception 'yii\base\ViewNotFoundException' with message 'The view file does not exist: C:\Users\mlbel\Desktop\Project---Reservation-System\Application\advanced\backend\views\reservation\index.php' in C:\Users\mlbel\Desktop\Project---Reservation-System\Application\advanced\vendor\yiisoft\yii2\base\View.php:227
Stack trace:
#0 C:\Users\mlbel\Desktop\Project---Reservation-System\Application\advanced\vendor\yiisoft\yii2\base\View.php(150): yii\base\View->renderFile('C:\\Users\\mlbel\\...', Array, Object(backend\controllers\ReservationController))
#1 C:\Users\mlbel\Desktop\Project---Reservation-System\Application\advanced\vendor\yiisoft\yii2\base\Controller.php(378): yii\base\View->render('index', Array, Object(backend\controllers\ReservationController))
#2 C:\Users\mlbel\Desktop\Project---Reservation-System\Application\advanced\backend\controllers\ReservationController.php(44): yii\base\Controller->render('index', Array)
#3 [internal function]: backend\controllers\ReservationController->actionIndex()
#4 C:\Users\mlbel\Desktop\Project---Reservation-System\Application\advanced\vendor\yiisoft\yii2\base\InlineAction.php(55): call_user_func_array(Array, Array)
#5 C:\Users\mlbel\Desktop\Project---Reservation-System\Application\advanced\vendor\yiisoft\yii2\base\Controller.php(154): yii\base\InlineAction->runWithParams(Array)
#6 C:\Users\mlbel\Desktop\Project---Reservation-System\Application\advanced\vendor\yiisoft\yii2\base\Module.php(454): yii\base\Controller->runAction('', Array)
#7 C:\Users\mlbel\Desktop\Project---Reservation-System\Application\advanced\vendor\yiisoft\yii2\web\Application.php(100): yii\base\Module->runAction('reservation', Array)
#8 C:\Users\mlbel\Desktop\Project---Reservation-System\Application\advanced\vendor\yiisoft\yii2\base\Application.php(375): yii\web\Application->handleRequest(Object(yii\web\Request))
#9 C:\Users\mlbel\Desktop\Project---Reservation-System\Application\advanced\backend\web\index.php(17): yii\base\Application->run()
#10 {main}
2016-11-22 02:20:55 [::1][-][-][info][application] $_GET = [
    'r' => 'reservation'
]

$_COOKIE = [
    'PHPFRONTSESSID' => '1i1sd4p87q3bsk95bo7ma9noo4'
    '_frontendCSRF' => 'b04827c4c41458b6151ed755a5d9e0005faad822e9b675fc62026b86566cb0dda:2:{i:0;s:13:\"_frontendCSRF\";i:1;s:32:\"rKPIdU8o7FaOM3Zzva7TtM6GlDWIo6kV\";}'
]

$_SERVER = [
    'MIBDIRS' => 'C:/xampp/php/extras/mibs'
    'MYSQL_HOME' => '\\xampp\\mysql\\bin'
    'OPENSSL_CONF' => 'C:/xampp/apache/bin/openssl.cnf'
    'PHP_PEAR_SYSCONF_DIR' => '\\xampp\\php'
    'PHPRC' => '\\xampp\\php'
    'TMP' => '\\xampp\\tmp'
    'HTTP_HOST' => 'localhost'
    'HTTP_CONNECTION' => 'keep-alive'
    'HTTP_UPGRADE_INSECURE_REQUESTS' => '1'
    'HTTP_USER_AGENT' => 'Mozilla/5.0 (Windows NT 10.0; WOW64) AppleWebKit/537.36 (KHTML, like Gecko) Chrome/54.0.2840.99 Safari/537.36'
    'HTTP_ACCEPT' => 'text/html,application/xhtml+xml,application/xml;q=0.9,image/webp,*/*;q=0.8'
    'HTTP_ACCEPT_ENCODING' => 'gzip, deflate, sdch, br'
    'HTTP_ACCEPT_LANGUAGE' => 'en-US,en;q=0.8'
    'HTTP_COOKIE' => 'PHPFRONTSESSID=1i1sd4p87q3bsk95bo7ma9noo4; _frontendCSRF=b04827c4c41458b6151ed755a5d9e0005faad822e9b675fc62026b86566cb0dda%3A2%3A%7Bi%3A0%3Bs%3A13%3A%22_frontendCSRF%22%3Bi%3A1%3Bs%3A32%3A%22rKPIdU8o7FaOM3Zzva7TtM6GlDWIo6kV%22%3B%7D'
    'PATH' => 'C:\\ProgramData\\Oracle\\Java\\javapath;C:\\Program Files (x86)\\Intel\\iCLS Client\\;C:\\Program Files\\Intel\\iCLS Client\\;C:\\WINDOWS\\system32;C:\\WINDOWS;C:\\WINDOWS\\System32\\Wbem;C:\\WINDOWS\\System32\\WindowsPowerShell\\v1.0\\;C:\\Program Files (x86)\\Intel\\Intel(R) Management Engine Components\\DAL;C:\\Program Files\\Intel\\Intel(R) Management Engine Components\\DAL;C:\\Program Files (x86)\\Intel\\Intel(R) Management Engine Components\\IPT;C:\\Program Files\\Intel\\Intel(R) Management Engine Components\\IPT;C:\\Program Files (x86)\\Windows Kits\\8.1\\Windows Performance Toolkit\\;C:\\Program Files\\Microsoft SQL Server\\110\\Tools\\Binn\\;C:\\Program Files (x86)\\GtkSharp\\2.12\\bin;C:\\Program Files\\Intel\\WiFi\\bin\\;C:\\Program Files\\Common Files\\Intel\\WirelessCommon\\;C:\\Program Files\\Git\\cmd;C:\\Program Files\\TortoiseSVN\\bin;C:\\xampp\\htdocs\\advanced;C:\\Program Files\\CloudFoundry;C:\\Program Files\\TortoiseGit\\bin;C:\\Users\\mlbel\\AppData\\Local\\Microsoft\\WindowsApps;'
    'SystemRoot' => 'C:\\WINDOWS'
    'COMSPEC' => 'C:\\WINDOWS\\system32\\cmd.exe'
    'PATHEXT' => '.COM;.EXE;.BAT;.CMD;.VBS;.VBE;.JS;.JSE;.WSF;.WSH;.MSC'
    'WINDIR' => 'C:\\WINDOWS'
    'SERVER_SIGNATURE' => '<address>Apache/2.4.17 (Win32) OpenSSL/1.0.2d PHP/5.6.14 Server at localhost Port 80</address>
'
    'SERVER_SOFTWARE' => 'Apache/2.4.17 (Win32) OpenSSL/1.0.2d PHP/5.6.14'
    'SERVER_NAME' => 'localhost'
    'SERVER_ADDR' => '::1'
    'SERVER_PORT' => '80'
    'REMOTE_ADDR' => '::1'
    'DOCUMENT_ROOT' => 'C:/xampp/htdocs'
    'REQUEST_SCHEME' => 'http'
    'CONTEXT_PREFIX' => ''
    'CONTEXT_DOCUMENT_ROOT' => 'C:/xampp/htdocs'
    'SERVER_ADMIN' => 'postmaster@localhost'
    'SCRIPT_FILENAME' => 'C:/xampp/htdocs/advanced/backend/web/index.php'
    'REMOTE_PORT' => '50574'
    'GATEWAY_INTERFACE' => 'CGI/1.1'
    'SERVER_PROTOCOL' => 'HTTP/1.1'
    'REQUEST_METHOD' => 'GET'
    'QUERY_STRING' => 'r=reservation'
    'REQUEST_URI' => '/advanced/backend/web/index.php?r=reservation'
    'SCRIPT_NAME' => '/advanced/backend/web/index.php'
    'PHP_SELF' => '/advanced/backend/web/index.php'
    'REQUEST_TIME_FLOAT' => 1479777655.947
    'REQUEST_TIME' => 1479777655
]
2016-11-22 02:22:39 [::1][-][-][error][yii\base\ViewNotFoundException] exception 'yii\base\ViewNotFoundException' with message 'The view file does not exist: C:\Users\mlbel\Desktop\Project---Reservation-System\Application\advanced\backend\views\customer\index.php' in C:\Users\mlbel\Desktop\Project---Reservation-System\Application\advanced\vendor\yiisoft\yii2\base\View.php:227
Stack trace:
#0 C:\Users\mlbel\Desktop\Project---Reservation-System\Application\advanced\vendor\yiisoft\yii2\base\View.php(150): yii\base\View->renderFile('C:\\Users\\mlbel\\...', Array, Object(backend\controllers\CustomerController))
#1 C:\Users\mlbel\Desktop\Project---Reservation-System\Application\advanced\vendor\yiisoft\yii2\base\Controller.php(378): yii\base\View->render('index', Array, Object(backend\controllers\CustomerController))
#2 C:\Users\mlbel\Desktop\Project---Reservation-System\Application\advanced\backend\controllers\CustomerController.php(44): yii\base\Controller->render('index', Array)
#3 [internal function]: backend\controllers\CustomerController->actionIndex()
#4 C:\Users\mlbel\Desktop\Project---Reservation-System\Application\advanced\vendor\yiisoft\yii2\base\InlineAction.php(55): call_user_func_array(Array, Array)
#5 C:\Users\mlbel\Desktop\Project---Reservation-System\Application\advanced\vendor\yiisoft\yii2\base\Controller.php(154): yii\base\InlineAction->runWithParams(Array)
#6 C:\Users\mlbel\Desktop\Project---Reservation-System\Application\advanced\vendor\yiisoft\yii2\base\Module.php(454): yii\base\Controller->runAction('', Array)
#7 C:\Users\mlbel\Desktop\Project---Reservation-System\Application\advanced\vendor\yiisoft\yii2\web\Application.php(100): yii\base\Module->runAction('customer', Array)
#8 C:\Users\mlbel\Desktop\Project---Reservation-System\Application\advanced\vendor\yiisoft\yii2\base\Application.php(375): yii\web\Application->handleRequest(Object(yii\web\Request))
#9 C:\Users\mlbel\Desktop\Project---Reservation-System\Application\advanced\backend\web\index.php(17): yii\base\Application->run()
#10 {main}
2016-11-22 02:22:39 [::1][-][-][info][application] $_GET = [
    'r' => 'customer'
]

$_COOKIE = [
    'PHPFRONTSESSID' => '1i1sd4p87q3bsk95bo7ma9noo4'
    '_frontendCSRF' => 'b04827c4c41458b6151ed755a5d9e0005faad822e9b675fc62026b86566cb0dda:2:{i:0;s:13:\"_frontendCSRF\";i:1;s:32:\"rKPIdU8o7FaOM3Zzva7TtM6GlDWIo6kV\";}'
]

$_SERVER = [
    'MIBDIRS' => 'C:/xampp/php/extras/mibs'
    'MYSQL_HOME' => '\\xampp\\mysql\\bin'
    'OPENSSL_CONF' => 'C:/xampp/apache/bin/openssl.cnf'
    'PHP_PEAR_SYSCONF_DIR' => '\\xampp\\php'
    'PHPRC' => '\\xampp\\php'
    'TMP' => '\\xampp\\tmp'
    'HTTP_HOST' => 'localhost'
    'HTTP_CONNECTION' => 'keep-alive'
    'HTTP_UPGRADE_INSECURE_REQUESTS' => '1'
    'HTTP_USER_AGENT' => 'Mozilla/5.0 (Windows NT 10.0; WOW64) AppleWebKit/537.36 (KHTML, like Gecko) Chrome/54.0.2840.99 Safari/537.36'
    'HTTP_ACCEPT' => 'text/html,application/xhtml+xml,application/xml;q=0.9,image/webp,*/*;q=0.8'
    'HTTP_ACCEPT_ENCODING' => 'gzip, deflate, sdch, br'
    'HTTP_ACCEPT_LANGUAGE' => 'en-US,en;q=0.8'
    'HTTP_COOKIE' => 'PHPFRONTSESSID=1i1sd4p87q3bsk95bo7ma9noo4; _frontendCSRF=b04827c4c41458b6151ed755a5d9e0005faad822e9b675fc62026b86566cb0dda%3A2%3A%7Bi%3A0%3Bs%3A13%3A%22_frontendCSRF%22%3Bi%3A1%3Bs%3A32%3A%22rKPIdU8o7FaOM3Zzva7TtM6GlDWIo6kV%22%3B%7D'
    'PATH' => 'C:\\ProgramData\\Oracle\\Java\\javapath;C:\\Program Files (x86)\\Intel\\iCLS Client\\;C:\\Program Files\\Intel\\iCLS Client\\;C:\\WINDOWS\\system32;C:\\WINDOWS;C:\\WINDOWS\\System32\\Wbem;C:\\WINDOWS\\System32\\WindowsPowerShell\\v1.0\\;C:\\Program Files (x86)\\Intel\\Intel(R) Management Engine Components\\DAL;C:\\Program Files\\Intel\\Intel(R) Management Engine Components\\DAL;C:\\Program Files (x86)\\Intel\\Intel(R) Management Engine Components\\IPT;C:\\Program Files\\Intel\\Intel(R) Management Engine Components\\IPT;C:\\Program Files (x86)\\Windows Kits\\8.1\\Windows Performance Toolkit\\;C:\\Program Files\\Microsoft SQL Server\\110\\Tools\\Binn\\;C:\\Program Files (x86)\\GtkSharp\\2.12\\bin;C:\\Program Files\\Intel\\WiFi\\bin\\;C:\\Program Files\\Common Files\\Intel\\WirelessCommon\\;C:\\Program Files\\Git\\cmd;C:\\Program Files\\TortoiseSVN\\bin;C:\\xampp\\htdocs\\advanced;C:\\Program Files\\CloudFoundry;C:\\Program Files\\TortoiseGit\\bin;C:\\Users\\mlbel\\AppData\\Local\\Microsoft\\WindowsApps;'
    'SystemRoot' => 'C:\\WINDOWS'
    'COMSPEC' => 'C:\\WINDOWS\\system32\\cmd.exe'
    'PATHEXT' => '.COM;.EXE;.BAT;.CMD;.VBS;.VBE;.JS;.JSE;.WSF;.WSH;.MSC'
    'WINDIR' => 'C:\\WINDOWS'
    'SERVER_SIGNATURE' => '<address>Apache/2.4.17 (Win32) OpenSSL/1.0.2d PHP/5.6.14 Server at localhost Port 80</address>
'
    'SERVER_SOFTWARE' => 'Apache/2.4.17 (Win32) OpenSSL/1.0.2d PHP/5.6.14'
    'SERVER_NAME' => 'localhost'
    'SERVER_ADDR' => '::1'
    'SERVER_PORT' => '80'
    'REMOTE_ADDR' => '::1'
    'DOCUMENT_ROOT' => 'C:/xampp/htdocs'
    'REQUEST_SCHEME' => 'http'
    'CONTEXT_PREFIX' => ''
    'CONTEXT_DOCUMENT_ROOT' => 'C:/xampp/htdocs'
    'SERVER_ADMIN' => 'postmaster@localhost'
    'SCRIPT_FILENAME' => 'C:/xampp/htdocs/advanced/backend/web/index.php'
    'REMOTE_PORT' => '50581'
    'GATEWAY_INTERFACE' => 'CGI/1.1'
    'SERVER_PROTOCOL' => 'HTTP/1.1'
    'REQUEST_METHOD' => 'GET'
    'QUERY_STRING' => 'r=customer'
    'REQUEST_URI' => '/advanced/backend/web/index.php?r=customer'
    'SCRIPT_NAME' => '/advanced/backend/web/index.php'
    'PHP_SELF' => '/advanced/backend/web/index.php'
    'REQUEST_TIME_FLOAT' => 1479777759.02
    'REQUEST_TIME' => 1479777759
]
2016-11-22 02:23:24 [::1][-][-][error][yii\base\ViewNotFoundException] exception 'yii\base\ViewNotFoundException' with message 'The view file does not exist: C:\Users\mlbel\Desktop\Project---Reservation-System\Application\advanced\backend\views\customer\index.php' in C:\Users\mlbel\Desktop\Project---Reservation-System\Application\advanced\vendor\yiisoft\yii2\base\View.php:227
Stack trace:
#0 C:\Users\mlbel\Desktop\Project---Reservation-System\Application\advanced\vendor\yiisoft\yii2\base\View.php(150): yii\base\View->renderFile('C:\\Users\\mlbel\\...', Array, Object(backend\controllers\CustomerController))
#1 C:\Users\mlbel\Desktop\Project---Reservation-System\Application\advanced\vendor\yiisoft\yii2\base\Controller.php(378): yii\base\View->render('index', Array, Object(backend\controllers\CustomerController))
#2 C:\Users\mlbel\Desktop\Project---Reservation-System\Application\advanced\backend\controllers\CustomerController.php(44): yii\base\Controller->render('index', Array)
#3 [internal function]: backend\controllers\CustomerController->actionIndex()
#4 C:\Users\mlbel\Desktop\Project---Reservation-System\Application\advanced\vendor\yiisoft\yii2\base\InlineAction.php(55): call_user_func_array(Array, Array)
#5 C:\Users\mlbel\Desktop\Project---Reservation-System\Application\advanced\vendor\yiisoft\yii2\base\Controller.php(154): yii\base\InlineAction->runWithParams(Array)
#6 C:\Users\mlbel\Desktop\Project---Reservation-System\Application\advanced\vendor\yiisoft\yii2\base\Module.php(454): yii\base\Controller->runAction('', Array)
#7 C:\Users\mlbel\Desktop\Project---Reservation-System\Application\advanced\vendor\yiisoft\yii2\web\Application.php(100): yii\base\Module->runAction('customer', Array)
#8 C:\Users\mlbel\Desktop\Project---Reservation-System\Application\advanced\vendor\yiisoft\yii2\base\Application.php(375): yii\web\Application->handleRequest(Object(yii\web\Request))
#9 C:\Users\mlbel\Desktop\Project---Reservation-System\Application\advanced\backend\web\index.php(17): yii\base\Application->run()
#10 {main}
2016-11-22 02:23:23 [::1][-][-][info][application] $_GET = [
    'r' => 'customer'
]

$_COOKIE = [
    'PHPFRONTSESSID' => '1i1sd4p87q3bsk95bo7ma9noo4'
    '_frontendCSRF' => 'b04827c4c41458b6151ed755a5d9e0005faad822e9b675fc62026b86566cb0dda:2:{i:0;s:13:\"_frontendCSRF\";i:1;s:32:\"rKPIdU8o7FaOM3Zzva7TtM6GlDWIo6kV\";}'
]

$_SERVER = [
    'MIBDIRS' => 'C:/xampp/php/extras/mibs'
    'MYSQL_HOME' => '\\xampp\\mysql\\bin'
    'OPENSSL_CONF' => 'C:/xampp/apache/bin/openssl.cnf'
    'PHP_PEAR_SYSCONF_DIR' => '\\xampp\\php'
    'PHPRC' => '\\xampp\\php'
    'TMP' => '\\xampp\\tmp'
    'HTTP_HOST' => 'localhost'
    'HTTP_CONNECTION' => 'keep-alive'
    'HTTP_UPGRADE_INSECURE_REQUESTS' => '1'
    'HTTP_USER_AGENT' => 'Mozilla/5.0 (Windows NT 10.0; WOW64) AppleWebKit/537.36 (KHTML, like Gecko) Chrome/54.0.2840.99 Safari/537.36'
    'HTTP_ACCEPT' => 'text/html,application/xhtml+xml,application/xml;q=0.9,image/webp,*/*;q=0.8'
    'HTTP_ACCEPT_ENCODING' => 'gzip, deflate, sdch, br'
    'HTTP_ACCEPT_LANGUAGE' => 'en-US,en;q=0.8'
    'HTTP_COOKIE' => 'PHPFRONTSESSID=1i1sd4p87q3bsk95bo7ma9noo4; _frontendCSRF=b04827c4c41458b6151ed755a5d9e0005faad822e9b675fc62026b86566cb0dda%3A2%3A%7Bi%3A0%3Bs%3A13%3A%22_frontendCSRF%22%3Bi%3A1%3Bs%3A32%3A%22rKPIdU8o7FaOM3Zzva7TtM6GlDWIo6kV%22%3B%7D'
    'PATH' => 'C:\\ProgramData\\Oracle\\Java\\javapath;C:\\Program Files (x86)\\Intel\\iCLS Client\\;C:\\Program Files\\Intel\\iCLS Client\\;C:\\WINDOWS\\system32;C:\\WINDOWS;C:\\WINDOWS\\System32\\Wbem;C:\\WINDOWS\\System32\\WindowsPowerShell\\v1.0\\;C:\\Program Files (x86)\\Intel\\Intel(R) Management Engine Components\\DAL;C:\\Program Files\\Intel\\Intel(R) Management Engine Components\\DAL;C:\\Program Files (x86)\\Intel\\Intel(R) Management Engine Components\\IPT;C:\\Program Files\\Intel\\Intel(R) Management Engine Components\\IPT;C:\\Program Files (x86)\\Windows Kits\\8.1\\Windows Performance Toolkit\\;C:\\Program Files\\Microsoft SQL Server\\110\\Tools\\Binn\\;C:\\Program Files (x86)\\GtkSharp\\2.12\\bin;C:\\Program Files\\Intel\\WiFi\\bin\\;C:\\Program Files\\Common Files\\Intel\\WirelessCommon\\;C:\\Program Files\\Git\\cmd;C:\\Program Files\\TortoiseSVN\\bin;C:\\xampp\\htdocs\\advanced;C:\\Program Files\\CloudFoundry;C:\\Program Files\\TortoiseGit\\bin;C:\\Users\\mlbel\\AppData\\Local\\Microsoft\\WindowsApps;'
    'SystemRoot' => 'C:\\WINDOWS'
    'COMSPEC' => 'C:\\WINDOWS\\system32\\cmd.exe'
    'PATHEXT' => '.COM;.EXE;.BAT;.CMD;.VBS;.VBE;.JS;.JSE;.WSF;.WSH;.MSC'
    'WINDIR' => 'C:\\WINDOWS'
    'SERVER_SIGNATURE' => '<address>Apache/2.4.17 (Win32) OpenSSL/1.0.2d PHP/5.6.14 Server at localhost Port 80</address>
'
    'SERVER_SOFTWARE' => 'Apache/2.4.17 (Win32) OpenSSL/1.0.2d PHP/5.6.14'
    'SERVER_NAME' => 'localhost'
    'SERVER_ADDR' => '::1'
    'SERVER_PORT' => '80'
    'REMOTE_ADDR' => '::1'
    'DOCUMENT_ROOT' => 'C:/xampp/htdocs'
    'REQUEST_SCHEME' => 'http'
    'CONTEXT_PREFIX' => ''
    'CONTEXT_DOCUMENT_ROOT' => 'C:/xampp/htdocs'
    'SERVER_ADMIN' => 'postmaster@localhost'
    'SCRIPT_FILENAME' => 'C:/xampp/htdocs/advanced/backend/web/index.php'
    'REMOTE_PORT' => '50592'
    'GATEWAY_INTERFACE' => 'CGI/1.1'
    'SERVER_PROTOCOL' => 'HTTP/1.1'
    'REQUEST_METHOD' => 'GET'
    'QUERY_STRING' => 'r=customer'
    'REQUEST_URI' => '/advanced/backend/web/index.php?r=customer'
    'SCRIPT_NAME' => '/advanced/backend/web/index.php'
    'PHP_SELF' => '/advanced/backend/web/index.php'
    'REQUEST_TIME_FLOAT' => 1479777803.894
    'REQUEST_TIME' => 1479777803
]
2016-11-22 06:54:02 [::1][-][-][error][yii\base\ViewNotFoundException] exception 'yii\base\ViewNotFoundException' with message 'The view file does not exist: C:\Users\mlbel\Desktop\Project---Reservation-System\Application\advanced\backend\views\reservation\index.php' in C:\Users\mlbel\Desktop\Project---Reservation-System\Application\advanced\vendor\yiisoft\yii2\base\View.php:227
Stack trace:
#0 C:\Users\mlbel\Desktop\Project---Reservation-System\Application\advanced\vendor\yiisoft\yii2\base\View.php(150): yii\base\View->renderFile('C:\\Users\\mlbel\\...', Array, Object(backend\controllers\ReservationController))
#1 C:\Users\mlbel\Desktop\Project---Reservation-System\Application\advanced\vendor\yiisoft\yii2\base\Controller.php(378): yii\base\View->render('index', Array, Object(backend\controllers\ReservationController))
#2 C:\Users\mlbel\Desktop\Project---Reservation-System\Application\advanced\backend\controllers\ReservationController.php(44): yii\base\Controller->render('index', Array)
#3 [internal function]: backend\controllers\ReservationController->actionIndex()
#4 C:\Users\mlbel\Desktop\Project---Reservation-System\Application\advanced\vendor\yiisoft\yii2\base\InlineAction.php(55): call_user_func_array(Array, Array)
#5 C:\Users\mlbel\Desktop\Project---Reservation-System\Application\advanced\vendor\yiisoft\yii2\base\Controller.php(154): yii\base\InlineAction->runWithParams(Array)
#6 C:\Users\mlbel\Desktop\Project---Reservation-System\Application\advanced\vendor\yiisoft\yii2\base\Module.php(454): yii\base\Controller->runAction('', Array)
#7 C:\Users\mlbel\Desktop\Project---Reservation-System\Application\advanced\vendor\yiisoft\yii2\web\Application.php(100): yii\base\Module->runAction('reservation', Array)
#8 C:\Users\mlbel\Desktop\Project---Reservation-System\Application\advanced\vendor\yiisoft\yii2\base\Application.php(375): yii\web\Application->handleRequest(Object(yii\web\Request))
#9 C:\Users\mlbel\Desktop\Project---Reservation-System\Application\advanced\backend\web\index.php(17): yii\base\Application->run()
#10 {main}
2016-11-22 06:54:01 [::1][-][-][info][application] $_GET = [
    'r' => 'reservation'
]

$_COOKIE = [
    'PHPFRONTSESSID' => '2nude8bc67n3rp6a2d64v8tsd7'
    '_frontendCSRF' => '9adb5ebe8eb64c5cf89541a9fb5d2caeda013feb42e17cc7d55ac09b667918cda:2:{i:0;s:13:\"_frontendCSRF\";i:1;s:32:\"06ZGlbSxOO8ya6UXra4taK_i6B6f2UVk\";}'
]

$_SERVER = [
    'MIBDIRS' => 'C:/xampp/php/extras/mibs'
    'MYSQL_HOME' => '\\xampp\\mysql\\bin'
    'OPENSSL_CONF' => 'C:/xampp/apache/bin/openssl.cnf'
    'PHP_PEAR_SYSCONF_DIR' => '\\xampp\\php'
    'PHPRC' => '\\xampp\\php'
    'TMP' => '\\xampp\\tmp'
    'HTTP_HOST' => 'localhost'
    'HTTP_CONNECTION' => 'keep-alive'
    'HTTP_UPGRADE_INSECURE_REQUESTS' => '1'
    'HTTP_USER_AGENT' => 'Mozilla/5.0 (Windows NT 10.0; WOW64) AppleWebKit/537.36 (KHTML, like Gecko) Chrome/54.0.2840.99 Safari/537.36'
    'HTTP_ACCEPT' => 'text/html,application/xhtml+xml,application/xml;q=0.9,image/webp,*/*;q=0.8'
    'HTTP_ACCEPT_ENCODING' => 'gzip, deflate, sdch, br'
    'HTTP_ACCEPT_LANGUAGE' => 'en-US,en;q=0.8'
    'HTTP_COOKIE' => 'PHPFRONTSESSID=2nude8bc67n3rp6a2d64v8tsd7; _frontendCSRF=9adb5ebe8eb64c5cf89541a9fb5d2caeda013feb42e17cc7d55ac09b667918cda%3A2%3A%7Bi%3A0%3Bs%3A13%3A%22_frontendCSRF%22%3Bi%3A1%3Bs%3A32%3A%2206ZGlbSxOO8ya6UXra4taK_i6B6f2UVk%22%3B%7D'
    'PATH' => 'C:\\ProgramData\\Oracle\\Java\\javapath;C:\\Program Files (x86)\\Intel\\iCLS Client\\;C:\\Program Files\\Intel\\iCLS Client\\;C:\\WINDOWS\\system32;C:\\WINDOWS;C:\\WINDOWS\\System32\\Wbem;C:\\WINDOWS\\System32\\WindowsPowerShell\\v1.0\\;C:\\Program Files (x86)\\Intel\\Intel(R) Management Engine Components\\DAL;C:\\Program Files\\Intel\\Intel(R) Management Engine Components\\DAL;C:\\Program Files (x86)\\Intel\\Intel(R) Management Engine Components\\IPT;C:\\Program Files\\Intel\\Intel(R) Management Engine Components\\IPT;C:\\Program Files (x86)\\Windows Kits\\8.1\\Windows Performance Toolkit\\;C:\\Program Files\\Microsoft SQL Server\\110\\Tools\\Binn\\;C:\\Program Files (x86)\\GtkSharp\\2.12\\bin;C:\\Program Files\\Intel\\WiFi\\bin\\;C:\\Program Files\\Common Files\\Intel\\WirelessCommon\\;C:\\Program Files\\Git\\cmd;C:\\Program Files\\TortoiseSVN\\bin;C:\\xampp\\htdocs\\advanced;C:\\Program Files\\CloudFoundry;C:\\Program Files\\TortoiseGit\\bin;C:\\Users\\mlbel\\AppData\\Local\\Microsoft\\WindowsApps;'
    'SystemRoot' => 'C:\\WINDOWS'
    'COMSPEC' => 'C:\\WINDOWS\\system32\\cmd.exe'
    'PATHEXT' => '.COM;.EXE;.BAT;.CMD;.VBS;.VBE;.JS;.JSE;.WSF;.WSH;.MSC'
    'WINDIR' => 'C:\\WINDOWS'
    'SERVER_SIGNATURE' => '<address>Apache/2.4.17 (Win32) OpenSSL/1.0.2d PHP/5.6.14 Server at localhost Port 80</address>
'
    'SERVER_SOFTWARE' => 'Apache/2.4.17 (Win32) OpenSSL/1.0.2d PHP/5.6.14'
    'SERVER_NAME' => 'localhost'
    'SERVER_ADDR' => '::1'
    'SERVER_PORT' => '80'
    'REMOTE_ADDR' => '::1'
    'DOCUMENT_ROOT' => 'C:/xampp/htdocs'
    'REQUEST_SCHEME' => 'http'
    'CONTEXT_PREFIX' => ''
    'CONTEXT_DOCUMENT_ROOT' => 'C:/xampp/htdocs'
    'SERVER_ADMIN' => 'postmaster@localhost'
    'SCRIPT_FILENAME' => 'C:/xampp/htdocs/advanced/backend/web/index.php'
    'REMOTE_PORT' => '50605'
    'GATEWAY_INTERFACE' => 'CGI/1.1'
    'SERVER_PROTOCOL' => 'HTTP/1.1'
    'REQUEST_METHOD' => 'GET'
    'QUERY_STRING' => 'r=reservation'
    'REQUEST_URI' => '/advanced/backend/web/index.php?r=reservation'
    'SCRIPT_NAME' => '/advanced/backend/web/index.php'
    'PHP_SELF' => '/advanced/backend/web/index.php'
    'REQUEST_TIME_FLOAT' => 1479794041.622
    'REQUEST_TIME' => 1479794041
]
2016-11-22 07:12:49 [::1][-][-][error][yii\base\ViewNotFoundException] exception 'yii\base\ViewNotFoundException' with message 'The view file does not exist: C:\Users\mlbel\Desktop\Project---Reservation-System\Application\advanced\backend\views\reservation\index.php' in C:\Users\mlbel\Desktop\Project---Reservation-System\Application\advanced\vendor\yiisoft\yii2\base\View.php:227
Stack trace:
#0 C:\Users\mlbel\Desktop\Project---Reservation-System\Application\advanced\vendor\yiisoft\yii2\base\View.php(150): yii\base\View->renderFile('C:\\Users\\mlbel\\...', Array, Object(backend\controllers\ReservationController))
#1 C:\Users\mlbel\Desktop\Project---Reservation-System\Application\advanced\vendor\yiisoft\yii2\base\Controller.php(378): yii\base\View->render('index', Array, Object(backend\controllers\ReservationController))
#2 C:\Users\mlbel\Desktop\Project---Reservation-System\Application\advanced\backend\controllers\ReservationController.php(44): yii\base\Controller->render('index', Array)
#3 [internal function]: backend\controllers\ReservationController->actionIndex()
#4 C:\Users\mlbel\Desktop\Project---Reservation-System\Application\advanced\vendor\yiisoft\yii2\base\InlineAction.php(55): call_user_func_array(Array, Array)
#5 C:\Users\mlbel\Desktop\Project---Reservation-System\Application\advanced\vendor\yiisoft\yii2\base\Controller.php(154): yii\base\InlineAction->runWithParams(Array)
#6 C:\Users\mlbel\Desktop\Project---Reservation-System\Application\advanced\vendor\yiisoft\yii2\base\Module.php(454): yii\base\Controller->runAction('', Array)
#7 C:\Users\mlbel\Desktop\Project---Reservation-System\Application\advanced\vendor\yiisoft\yii2\web\Application.php(100): yii\base\Module->runAction('reservation', Array)
#8 C:\Users\mlbel\Desktop\Project---Reservation-System\Application\advanced\vendor\yiisoft\yii2\base\Application.php(375): yii\web\Application->handleRequest(Object(yii\web\Request))
#9 C:\Users\mlbel\Desktop\Project---Reservation-System\Application\advanced\backend\web\index.php(17): yii\base\Application->run()
#10 {main}
2016-11-22 07:12:44 [::1][-][-][info][application] $_GET = [
    'r' => 'reservation'
]

$_COOKIE = [
    'PHPFRONTSESSID' => 'mo4mk9lh9r0ethssjt3rl0shg7'
    '_frontendCSRF' => '92d2af042567942328fa39b61ad9b42f75e526725716abd53fca291bf597cf42a:2:{i:0;s:13:\"_frontendCSRF\";i:1;s:32:\"2vO1_aJcAuXJ3JeklLl_CmAE287mcwbM\";}'
]

$_SERVER = [
    'MIBDIRS' => 'C:/xampp/php/extras/mibs'
    'MYSQL_HOME' => '\\xampp\\mysql\\bin'
    'OPENSSL_CONF' => 'C:/xampp/apache/bin/openssl.cnf'
    'PHP_PEAR_SYSCONF_DIR' => '\\xampp\\php'
    'PHPRC' => '\\xampp\\php'
    'TMP' => '\\xampp\\tmp'
    'HTTP_HOST' => 'localhost'
    'HTTP_CONNECTION' => 'keep-alive'
    'HTTP_UPGRADE_INSECURE_REQUESTS' => '1'
    'HTTP_USER_AGENT' => 'Mozilla/5.0 (Windows NT 10.0; WOW64) AppleWebKit/537.36 (KHTML, like Gecko) Chrome/54.0.2840.99 Safari/537.36'
    'HTTP_ACCEPT' => 'text/html,application/xhtml+xml,application/xml;q=0.9,image/webp,*/*;q=0.8'
    'HTTP_ACCEPT_ENCODING' => 'gzip, deflate, sdch, br'
    'HTTP_ACCEPT_LANGUAGE' => 'en-US,en;q=0.8'
    'HTTP_COOKIE' => 'PHPFRONTSESSID=mo4mk9lh9r0ethssjt3rl0shg7; _frontendCSRF=92d2af042567942328fa39b61ad9b42f75e526725716abd53fca291bf597cf42a%3A2%3A%7Bi%3A0%3Bs%3A13%3A%22_frontendCSRF%22%3Bi%3A1%3Bs%3A32%3A%222vO1_aJcAuXJ3JeklLl_CmAE287mcwbM%22%3B%7D'
    'PATH' => 'C:\\ProgramData\\Oracle\\Java\\javapath;C:\\Program Files (x86)\\Intel\\iCLS Client\\;C:\\Program Files\\Intel\\iCLS Client\\;C:\\WINDOWS\\system32;C:\\WINDOWS;C:\\WINDOWS\\System32\\Wbem;C:\\WINDOWS\\System32\\WindowsPowerShell\\v1.0\\;C:\\Program Files (x86)\\Intel\\Intel(R) Management Engine Components\\DAL;C:\\Program Files\\Intel\\Intel(R) Management Engine Components\\DAL;C:\\Program Files (x86)\\Intel\\Intel(R) Management Engine Components\\IPT;C:\\Program Files\\Intel\\Intel(R) Management Engine Components\\IPT;C:\\Program Files (x86)\\Windows Kits\\8.1\\Windows Performance Toolkit\\;C:\\Program Files\\Microsoft SQL Server\\110\\Tools\\Binn\\;C:\\Program Files (x86)\\GtkSharp\\2.12\\bin;C:\\Program Files\\Intel\\WiFi\\bin\\;C:\\Program Files\\Common Files\\Intel\\WirelessCommon\\;C:\\Program Files\\Git\\cmd;C:\\Program Files\\TortoiseSVN\\bin;C:\\xampp\\htdocs\\advanced;C:\\Program Files\\CloudFoundry;C:\\Program Files\\TortoiseGit\\bin;C:\\Users\\mlbel\\AppData\\Local\\Microsoft\\WindowsApps;'
    'SystemRoot' => 'C:\\WINDOWS'
    'COMSPEC' => 'C:\\WINDOWS\\system32\\cmd.exe'
    'PATHEXT' => '.COM;.EXE;.BAT;.CMD;.VBS;.VBE;.JS;.JSE;.WSF;.WSH;.MSC'
    'WINDIR' => 'C:\\WINDOWS'
    'SERVER_SIGNATURE' => '<address>Apache/2.4.17 (Win32) OpenSSL/1.0.2d PHP/5.6.14 Server at localhost Port 80</address>
'
    'SERVER_SOFTWARE' => 'Apache/2.4.17 (Win32) OpenSSL/1.0.2d PHP/5.6.14'
    'SERVER_NAME' => 'localhost'
    'SERVER_ADDR' => '::1'
    'SERVER_PORT' => '80'
    'REMOTE_ADDR' => '::1'
    'DOCUMENT_ROOT' => 'C:/xampp/htdocs'
    'REQUEST_SCHEME' => 'http'
    'CONTEXT_PREFIX' => ''
    'CONTEXT_DOCUMENT_ROOT' => 'C:/xampp/htdocs'
    'SERVER_ADMIN' => 'postmaster@localhost'
    'SCRIPT_FILENAME' => 'C:/xampp/htdocs/advanced/backend/web/index.php'
    'REMOTE_PORT' => '50651'
    'GATEWAY_INTERFACE' => 'CGI/1.1'
    'SERVER_PROTOCOL' => 'HTTP/1.1'
    'REQUEST_METHOD' => 'GET'
    'QUERY_STRING' => 'r=reservation'
    'REQUEST_URI' => '/advanced/backend/web/index.php?r=reservation'
    'SCRIPT_NAME' => '/advanced/backend/web/index.php'
    'PHP_SELF' => '/advanced/backend/web/index.php'
    'REQUEST_TIME_FLOAT' => 1479795164.373
    'REQUEST_TIME' => 1479795164
]
2016-11-22 07:27:17 [::1][-][a33qu1uer0op5b02gmt5u6lom0][error][yii\base\ErrorException:1] exception 'yii\base\ErrorException' with message 'Class 'backend\models\SignupForm' not found' in C:\Users\mlbel\Desktop\Project---Reservation-System\Application\advanced\backend\controllers\SiteController.php:87
Stack trace:
#0 [internal function]: yii\base\ErrorHandler->handleFatalError()
#1 {main}
2016-11-22 07:27:17 [::1][-][a33qu1uer0op5b02gmt5u6lom0][info][application] $_GET = [
    'r' => 'site/signup'
]

$_COOKIE = [
    'PHPFRONTSESSID' => 'mo4mk9lh9r0ethssjt3rl0shg7'
    '_frontendCSRF' => '92d2af042567942328fa39b61ad9b42f75e526725716abd53fca291bf597cf42a:2:{i:0;s:13:\"_frontendCSRF\";i:1;s:32:\"2vO1_aJcAuXJ3JeklLl_CmAE287mcwbM\";}'
    '_backendCSRF' => '0320630ce311522cccc35b1eaef2973caabd36d0ddabe588c78e7220e06f2ef4a:2:{i:0;s:12:\"_backendCSRF\";i:1;s:32:\"BQdaj1GJkI2Mn0DmEG1YQAjSE9wvlGld\";}'
    'PHPBACKSESSID' => 'a33qu1uer0op5b02gmt5u6lom0'
]

$_SESSION = [
    '__flash' => []
]

$_SERVER = [
    'MIBDIRS' => 'C:/xampp/php/extras/mibs'
    'MYSQL_HOME' => '\\xampp\\mysql\\bin'
    'OPENSSL_CONF' => 'C:/xampp/apache/bin/openssl.cnf'
    'PHP_PEAR_SYSCONF_DIR' => '\\xampp\\php'
    'PHPRC' => '\\xampp\\php'
    'TMP' => '\\xampp\\tmp'
    'HTTP_HOST' => 'localhost'
    'HTTP_CONNECTION' => 'keep-alive'
    'HTTP_UPGRADE_INSECURE_REQUESTS' => '1'
    'HTTP_USER_AGENT' => 'Mozilla/5.0 (Windows NT 10.0; WOW64) AppleWebKit/537.36 (KHTML, like Gecko) Chrome/54.0.2840.99 Safari/537.36'
    'HTTP_ACCEPT' => 'text/html,application/xhtml+xml,application/xml;q=0.9,image/webp,*/*;q=0.8'
    'HTTP_ACCEPT_ENCODING' => 'gzip, deflate, sdch, br'
    'HTTP_ACCEPT_LANGUAGE' => 'en-US,en;q=0.8'
    'HTTP_COOKIE' => 'PHPFRONTSESSID=mo4mk9lh9r0ethssjt3rl0shg7; _frontendCSRF=92d2af042567942328fa39b61ad9b42f75e526725716abd53fca291bf597cf42a%3A2%3A%7Bi%3A0%3Bs%3A13%3A%22_frontendCSRF%22%3Bi%3A1%3Bs%3A32%3A%222vO1_aJcAuXJ3JeklLl_CmAE287mcwbM%22%3B%7D; _backendCSRF=0320630ce311522cccc35b1eaef2973caabd36d0ddabe588c78e7220e06f2ef4a%3A2%3A%7Bi%3A0%3Bs%3A12%3A%22_backendCSRF%22%3Bi%3A1%3Bs%3A32%3A%22BQdaj1GJkI2Mn0DmEG1YQAjSE9wvlGld%22%3B%7D; PHPBACKSESSID=a33qu1uer0op5b02gmt5u6lom0'
    'PATH' => 'C:\\ProgramData\\Oracle\\Java\\javapath;C:\\Program Files (x86)\\Intel\\iCLS Client\\;C:\\Program Files\\Intel\\iCLS Client\\;C:\\WINDOWS\\system32;C:\\WINDOWS;C:\\WINDOWS\\System32\\Wbem;C:\\WINDOWS\\System32\\WindowsPowerShell\\v1.0\\;C:\\Program Files (x86)\\Intel\\Intel(R) Management Engine Components\\DAL;C:\\Program Files\\Intel\\Intel(R) Management Engine Components\\DAL;C:\\Program Files (x86)\\Intel\\Intel(R) Management Engine Components\\IPT;C:\\Program Files\\Intel\\Intel(R) Management Engine Components\\IPT;C:\\Program Files (x86)\\Windows Kits\\8.1\\Windows Performance Toolkit\\;C:\\Program Files\\Microsoft SQL Server\\110\\Tools\\Binn\\;C:\\Program Files (x86)\\GtkSharp\\2.12\\bin;C:\\Program Files\\Intel\\WiFi\\bin\\;C:\\Program Files\\Common Files\\Intel\\WirelessCommon\\;C:\\Program Files\\Git\\cmd;C:\\Program Files\\TortoiseSVN\\bin;C:\\xampp\\htdocs\\advanced;C:\\Program Files\\CloudFoundry;C:\\Program Files\\TortoiseGit\\bin;C:\\Users\\mlbel\\AppData\\Local\\Microsoft\\WindowsApps;'
    'SystemRoot' => 'C:\\WINDOWS'
    'COMSPEC' => 'C:\\WINDOWS\\system32\\cmd.exe'
    'PATHEXT' => '.COM;.EXE;.BAT;.CMD;.VBS;.VBE;.JS;.JSE;.WSF;.WSH;.MSC'
    'WINDIR' => 'C:\\WINDOWS'
    'SERVER_SIGNATURE' => '<address>Apache/2.4.17 (Win32) OpenSSL/1.0.2d PHP/5.6.14 Server at localhost Port 80</address>
'
    'SERVER_SOFTWARE' => 'Apache/2.4.17 (Win32) OpenSSL/1.0.2d PHP/5.6.14'
    'SERVER_NAME' => 'localhost'
    'SERVER_ADDR' => '::1'
    'SERVER_PORT' => '80'
    'REMOTE_ADDR' => '::1'
    'DOCUMENT_ROOT' => 'C:/xampp/htdocs'
    'REQUEST_SCHEME' => 'http'
    'CONTEXT_PREFIX' => ''
    'CONTEXT_DOCUMENT_ROOT' => 'C:/xampp/htdocs'
    'SERVER_ADMIN' => 'postmaster@localhost'
    'SCRIPT_FILENAME' => 'C:/xampp/htdocs/advanced/backend/web/index.php'
    'REMOTE_PORT' => '50716'
    'GATEWAY_INTERFACE' => 'CGI/1.1'
    'SERVER_PROTOCOL' => 'HTTP/1.1'
    'REQUEST_METHOD' => 'GET'
    'QUERY_STRING' => 'r=site%2Fsignup'
    'REQUEST_URI' => '/advanced/backend/web/index.php?r=site%2Fsignup'
    'SCRIPT_NAME' => '/advanced/backend/web/index.php'
    'PHP_SELF' => '/advanced/backend/web/index.php'
    'REQUEST_TIME_FLOAT' => 1479796037.23
    'REQUEST_TIME' => 1479796037
]
