2016-12-13 15:13:20 [-][-][-][error][yii\db\Exception] exception 'PDOException' with message 'SQLSTATE[HY000] [1049] Unknown database 'yii2advanced'' in C:\Users\mlbel\Desktop\Project---Reservation-System\Application\advanced\vendor\yiisoft\yii2\db\Connection.php:602
Stack trace:
#0 C:\Users\mlbel\Desktop\Project---Reservation-System\Application\advanced\vendor\yiisoft\yii2\db\Connection.php(602): PDO->__construct('mysql:host=loca...', 'root', '', NULL)
#1 C:\Users\mlbel\Desktop\Project---Reservation-System\Application\advanced\vendor\yiisoft\yii2\db\Connection.php(544): yii\db\Connection->createPdoInstance()
#2 C:\Users\mlbel\Desktop\Project---Reservation-System\Application\advanced\vendor\yiisoft\yii2\db\Connection.php(863): yii\db\Connection->open()
#3 C:\Users\mlbel\Desktop\Project---Reservation-System\Application\advanced\vendor\yiisoft\yii2\db\Connection.php(850): yii\db\Connection->getMasterPdo()
#4 C:\Users\mlbel\Desktop\Project---Reservation-System\Application\advanced\vendor\yiisoft\yii2\db\Command.php(219): yii\db\Connection->getSlavePdo()
#5 C:\Users\mlbel\Desktop\Project---Reservation-System\Application\advanced\vendor\yiisoft\yii2\db\Command.php(894): yii\db\Command->prepare(true)
#6 C:\Users\mlbel\Desktop\Project---Reservation-System\Application\advanced\vendor\yiisoft\yii2\db\Command.php(362): yii\db\Command->queryInternal('fetchAll', NULL)
#7 C:\Users\mlbel\Desktop\Project---Reservation-System\Application\advanced\vendor\yiisoft\yii2\db\mysql\Schema.php(198): yii\db\Command->queryAll()
#8 C:\Users\mlbel\Desktop\Project---Reservation-System\Application\advanced\vendor\yiisoft\yii2\db\mysql\Schema.php(97): yii\db\mysql\Schema->findColumns(Object(yii\db\TableSchema))
#9 C:\Users\mlbel\Desktop\Project---Reservation-System\Application\advanced\vendor\yiisoft\yii2\db\Schema.php(147): yii\db\mysql\Schema->loadTableSchema('migration')
#10 C:\Users\mlbel\Desktop\Project---Reservation-System\Application\advanced\vendor\yiisoft\yii2\console\controllers\MigrateController.php(199): yii\db\Schema->getTableSchema('{{%migration}}', true)
#11 C:\Users\mlbel\Desktop\Project---Reservation-System\Application\advanced\vendor\yiisoft\yii2\console\controllers\BaseMigrateController.php(771): yii\console\controllers\MigrateController->getMigrationHistory(NULL)
#12 C:\Users\mlbel\Desktop\Project---Reservation-System\Application\advanced\vendor\yiisoft\yii2\console\controllers\BaseMigrateController.php(135): yii\console\controllers\BaseMigrateController->getNewMigrations()
#13 [internal function]: yii\console\controllers\BaseMigrateController->actionUp(0)
#14 C:\Users\mlbel\Desktop\Project---Reservation-System\Application\advanced\vendor\yiisoft\yii2\base\InlineAction.php(55): call_user_func_array(Array, Array)
#15 C:\Users\mlbel\Desktop\Project---Reservation-System\Application\advanced\vendor\yiisoft\yii2\base\Controller.php(154): yii\base\InlineAction->runWithParams(Array)
#16 C:\Users\mlbel\Desktop\Project---Reservation-System\Application\advanced\vendor\yiisoft\yii2\console\Controller.php(128): yii\base\Controller->runAction('', Array)
#17 C:\Users\mlbel\Desktop\Project---Reservation-System\Application\advanced\vendor\yiisoft\yii2\base\Module.php(454): yii\console\Controller->runAction('', Array)
#18 C:\Users\mlbel\Desktop\Project---Reservation-System\Application\advanced\vendor\yiisoft\yii2\console\Application.php(180): yii\base\Module->runAction('migrate', Array)
#19 C:\Users\mlbel\Desktop\Project---Reservation-System\Application\advanced\vendor\yiisoft\yii2\console\Application.php(147): yii\console\Application->runAction('migrate', Array)
#20 C:\Users\mlbel\Desktop\Project---Reservation-System\Application\advanced\vendor\yiisoft\yii2\base\Application.php(375): yii\console\Application->handleRequest(Object(yii\console\Request))
#21 C:\Users\mlbel\Desktop\Project---Reservation-System\Application\advanced\yii(27): yii\base\Application->run()
#22 {main}

Next exception 'yii\db\Exception' with message 'SQLSTATE[HY000] [1049] Unknown database 'yii2advanced'' in C:\Users\mlbel\Desktop\Project---Reservation-System\Application\advanced\vendor\yiisoft\yii2\db\Connection.php:549
Stack trace:
#0 C:\Users\mlbel\Desktop\Project---Reservation-System\Application\advanced\vendor\yiisoft\yii2\db\Connection.php(863): yii\db\Connection->open()
#1 C:\Users\mlbel\Desktop\Project---Reservation-System\Application\advanced\vendor\yiisoft\yii2\db\Connection.php(850): yii\db\Connection->getMasterPdo()
#2 C:\Users\mlbel\Desktop\Project---Reservation-System\Application\advanced\vendor\yiisoft\yii2\db\Command.php(219): yii\db\Connection->getSlavePdo()
#3 C:\Users\mlbel\Desktop\Project---Reservation-System\Application\advanced\vendor\yiisoft\yii2\db\Command.php(894): yii\db\Command->prepare(true)
#4 C:\Users\mlbel\Desktop\Project---Reservation-System\Application\advanced\vendor\yiisoft\yii2\db\Command.php(362): yii\db\Command->queryInternal('fetchAll', NULL)
#5 C:\Users\mlbel\Desktop\Project---Reservation-System\Application\advanced\vendor\yiisoft\yii2\db\mysql\Schema.php(198): yii\db\Command->queryAll()
#6 C:\Users\mlbel\Desktop\Project---Reservation-System\Application\advanced\vendor\yiisoft\yii2\db\mysql\Schema.php(97): yii\db\mysql\Schema->findColumns(Object(yii\db\TableSchema))
#7 C:\Users\mlbel\Desktop\Project---Reservation-System\Application\advanced\vendor\yiisoft\yii2\db\Schema.php(147): yii\db\mysql\Schema->loadTableSchema('migration')
#8 C:\Users\mlbel\Desktop\Project---Reservation-System\Application\advanced\vendor\yiisoft\yii2\console\controllers\MigrateController.php(199): yii\db\Schema->getTableSchema('{{%migration}}', true)
#9 C:\Users\mlbel\Desktop\Project---Reservation-System\Application\advanced\vendor\yiisoft\yii2\console\controllers\BaseMigrateController.php(771): yii\console\controllers\MigrateController->getMigrationHistory(NULL)
#10 C:\Users\mlbel\Desktop\Project---Reservation-System\Application\advanced\vendor\yiisoft\yii2\console\controllers\BaseMigrateController.php(135): yii\console\controllers\BaseMigrateController->getNewMigrations()
#11 [internal function]: yii\console\controllers\BaseMigrateController->actionUp(0)
#12 C:\Users\mlbel\Desktop\Project---Reservation-System\Application\advanced\vendor\yiisoft\yii2\base\InlineAction.php(55): call_user_func_array(Array, Array)
#13 C:\Users\mlbel\Desktop\Project---Reservation-System\Application\advanced\vendor\yiisoft\yii2\base\Controller.php(154): yii\base\InlineAction->runWithParams(Array)
#14 C:\Users\mlbel\Desktop\Project---Reservation-System\Application\advanced\vendor\yiisoft\yii2\console\Controller.php(128): yii\base\Controller->runAction('', Array)
#15 C:\Users\mlbel\Desktop\Project---Reservation-System\Application\advanced\vendor\yiisoft\yii2\base\Module.php(454): yii\console\Controller->runAction('', Array)
#16 C:\Users\mlbel\Desktop\Project---Reservation-System\Application\advanced\vendor\yiisoft\yii2\console\Application.php(180): yii\base\Module->runAction('migrate', Array)
#17 C:\Users\mlbel\Desktop\Project---Reservation-System\Application\advanced\vendor\yiisoft\yii2\console\Application.php(147): yii\console\Application->runAction('migrate', Array)
#18 C:\Users\mlbel\Desktop\Project---Reservation-System\Application\advanced\vendor\yiisoft\yii2\base\Application.php(375): yii\console\Application->handleRequest(Object(yii\console\Request))
#19 C:\Users\mlbel\Desktop\Project---Reservation-System\Application\advanced\yii(27): yii\base\Application->run()
#20 {main}
Additional Information:

2016-12-13 15:13:20 [-][-][-][info][application] $_SERVER = [
    'ALLUSERSPROFILE' => 'C:\\ProgramData'
    'APPDATA' => 'C:\\Users\\mlbel\\AppData\\Roaming'
    'classpath' => '.;'
    'CommonProgramFiles' => 'C:\\Program Files (x86)\\Common Files'
    'CommonProgramFiles(x86)' => 'C:\\Program Files (x86)\\Common Files'
    'CommonProgramW6432' => 'C:\\Program Files\\Common Files'
    'COMPUTERNAME' => 'LAPTOP-J6AVJUCM'
    'ComSpec' => 'C:\\WINDOWS\\system32\\cmd.exe'
    'FPS_BROWSER_APP_PROFILE_STRING' => 'Internet Explorer'
    'FPS_BROWSER_USER_PROFILE_STRING' => 'Default'
    'GTK_BASEPATH' => 'C:\\Program Files (x86)\\GtkSharp\\2.12\\'
    'HOMEDRIVE' => 'C:'
    'HOMEPATH' => '\\Users\\mlbel'
    'LOCALAPPDATA' => 'C:\\Users\\mlbel\\AppData\\Local'
    'LOGONSERVER' => '\\\\LAPTOP-J6AVJUCM'
    'NUMBER_OF_PROCESSORS' => '4'
    'OS' => 'Windows_NT'
    'Path' => 'C:\\ProgramData\\Oracle\\Java\\javapath;C:\\Program Files (x86)\\Intel\\iCLS Client\\;C:\\Program Files\\Intel\\iCLS Client\\;C:\\WINDOWS\\system32;C:\\WINDOWS;C:\\WINDOWS\\System32\\Wbem;C:\\WINDOWS\\System32\\WindowsPowerShell\\v1.0\\;C:\\Program Files (x86)\\Intel\\Intel(R) Management Engine Components\\DAL;C:\\Program Files\\Intel\\Intel(R) Management Engine Components\\DAL;C:\\Program Files (x86)\\Intel\\Intel(R) Management Engine Components\\IPT;C:\\Program Files\\Intel\\Intel(R) Management Engine Components\\IPT;C:\\Program Files (x86)\\Windows Kits\\8.1\\Windows Performance Toolkit\\;C:\\Program Files\\Microsoft SQL Server\\110\\Tools\\Binn\\;C:\\Program Files (x86)\\GtkSharp\\2.12\\bin;C:\\Program Files\\Intel\\WiFi\\bin\\;C:\\Program Files\\Common Files\\Intel\\WirelessCommon\\;C:\\Program Files\\Git\\cmd;C:\\Program Files\\TortoiseSVN\\bin;C:\\xampp\\htdocs\\advanced;C:\\Program Files\\CloudFoundry;C:\\Program Files\\TortoiseGit\\bin;C:\\Users\\mlbel\\AppData\\Local\\Microsoft\\WindowsApps;'
    'PATHEXT' => '.COM;.EXE;.BAT;.CMD;.VBS;.VBE;.JS;.JSE;.WSF;.WSH;.MSC'
    'PHP_COMMAND' => 'php.exe'
    'PROCESSOR_ARCHITECTURE' => 'x86'
    'PROCESSOR_ARCHITEW6432' => 'AMD64'
    'PROCESSOR_IDENTIFIER' => 'Intel64 Family 6 Model 61 Stepping 4, GenuineIntel'
    'PROCESSOR_LEVEL' => '6'
    'PROCESSOR_REVISION' => '3d04'
    'ProgramData' => 'C:\\ProgramData'
    'ProgramFiles' => 'C:\\Program Files (x86)'
    'ProgramFiles(x86)' => 'C:\\Program Files (x86)'
    'ProgramW6432' => 'C:\\Program Files'
    'PROMPT' => '$P$G'
    'PSModulePath' => 'C:\\WINDOWS\\system32\\WindowsPowerShell\\v1.0\\Modules\\'
    'PT5HOME' => 'C:\\Program Files (x86)\\Cisco Packet Tracer 6.0.1'
    'PT6HOME' => 'C:\\Program Files (x86)\\Cisco Packet Tracer 6.0.1'
    'PUBLIC' => 'C:\\Users\\Public'
    'SESSIONNAME' => 'Console'
    'SystemDrive' => 'C:'
    'SystemRoot' => 'C:\\WINDOWS'
    'TEMP' => 'C:\\Users\\mlbel\\AppData\\Local\\Temp'
    'TMP' => 'C:\\Users\\mlbel\\AppData\\Local\\Temp'
    'USERDOMAIN' => 'LAPTOP-J6AVJUCM'
    'USERDOMAIN_ROAMINGPROFILE' => 'LAPTOP-J6AVJUCM'
    'USERNAME' => 'mlbel'
    'USERPROFILE' => 'C:\\Users\\mlbel'
    'VS120COMNTOOLS' => 'C:\\Program Files (x86)\\Microsoft Visual Studio 12.0\\Common7\\Tools\\'
    'VS140COMNTOOLS' => 'C:\\Program Files (x86)\\Microsoft Visual Studio 14.0\\Common7\\Tools\\'
    'windir' => 'C:\\WINDOWS'
    'YII_PATH' => 'C:\\xampp\\htdocs\\advanced\\'
    'PHP_SELF' => 'C:\\xampp\\htdocs\\advanced\\yii'
    'SCRIPT_NAME' => 'C:\\xampp\\htdocs\\advanced\\yii'
    'SCRIPT_FILENAME' => 'C:\\xampp\\htdocs\\advanced\\yii'
    'PATH_TRANSLATED' => 'C:\\xampp\\htdocs\\advanced\\yii'
    'DOCUMENT_ROOT' => ''
    'REQUEST_TIME_FLOAT' => 1481638400.3255
    'REQUEST_TIME' => 1481638400
    'argv' => [
        0 => 'C:\\xampp\\htdocs\\advanced\\yii'
        1 => 'migrate'
    ]
    'argc' => 2
]
